INFO: [HLS 200-10] Running 'E:/Xilinx/Vivado/2019.1/bin/unwrapped/win64.o/vivado_hls.exe'
INFO: [HLS 200-10] For user 'User' on host 'desktop-ag9jmfg' (Windows NT_amd64 version 6.2) on Wed Apr 12 18:31:52 +0430 2023
INFO: [HLS 200-10] In directory 'E:/code/hls/2'
Sourcing Tcl script 'E:/code/hls/2/cnn/solution1/csim.tcl'
INFO: [HLS 200-10] Opening project 'E:/code/hls/2/cnn'.
INFO: [HLS 200-10] Opening solution 'E:/code/hls/2/cnn/solution1'.
INFO: [SYN 201-201] Setting up clock 'default' with a period of 100ns.
INFO: [SYN 201-201] Setting up clock 'default' with an uncertainty of 0.12ns.
INFO: [HLS 200-10] Setting target device to 'xc7z020i-clg484-1L'
INFO: [SIM 211-2] *************** CSIM start ***************
INFO: [SIM 211-4] CSIM will launch GCC as the compiler.
   Compiling ../../../../cnn.cpp in debug mode
   Compiling ../../../../lib/conv.cpp in debug mode
   Compiling ../../../../lib/dense.cpp in debug mode
   Compiling ../../../../lib/flat.cpp in debug mode
   Compiling ../../../../lib/pool.cpp in debug mode
   Compiling ../../../../lib/utils.cpp in debug mode
   Generating csim.exe
Error: can't open file ``../Data/in.dat''
@E Simulation failed: Function 'main' returns nonzero value '1'.
ERROR: [SIM 211-100] 'csim_design' failed: nonzero return value.
INFO: [SIM 211-3] *************** CSIM finish ***************
4
    while executing
"source E:/code/hls/2/cnn/solution1/csim.tcl"
    invoked from within
"hls::main E:/code/hls/2/cnn/solution1/csim.tcl"
    ("uplevel" body line 1)
    invoked from within
"uplevel 1 hls::main {*}$args"
    (procedure "hls_proc" line 5)
    invoked from within
"hls_proc $argv"
