INFO: [SIM 2] *************** CSIM start ***************
INFO: [SIM 4] CSIM will launch GCC as the compiler.
   Compiling(apcc) ../../../../cnn.c in debug mode
INFO: [HLS 200-10] Running 'E:/Xilinx/Vivado/2019.1/bin/unwrapped/win64.o/apcc.exe'
INFO: [HLS 200-10] For user 'User' on host 'desktop-ag9jmfg' (Windows NT_amd64 version 6.2) on Fri Apr 07 01:53:01 +0430 2023
INFO: [HLS 200-10] In directory 'E:/code/hls/3/cnn/solution1/csim/build'
INFO: [APCC 202-3] Tmp directory is apcc_db
INFO: [APCC 202-1] APCC is done.
   Generating csim.exe

Expected: 3
00000000000000000000000000000000
00000000000000000000000000000000
00000000000000000000000000000000
00000000000000000000000000000000
00000000000000000000000000000000
00000000011000000000000000000000
00000001111110000000000000000000
00000011111111000000000000000000
00000001110011110000000000000000
00000011100001111000000000000000
00000011000000111100000000000000
00000011000000011100000000000000
00000011000100011100000000000000
00000001001111111110000000000000
00000000001111111111100000000000
00000000000111111111111000000000
00000000000000000001111100000000
00000000000000000000011110000000
00000000001100000000001110000000
00000000001110000000000111000000
00000000000110000000000111000000
00000000000111100000011111000000
00000000000011111111111110000000
00000000000000111111111000000000
00000000000000000100000000000000
00000000000000000000000000000000
00000000000000000000000000000000
00000000000000000000000000000000
00000000000000000000000000000000
00000000000000000000000000000000
00000000000000000000000000000000
00000000000000000000000000000000
Prediction:
0: 0.000000
1: 0.000000
2: 0.000002
3: 0.384633
4: 0.000000
5: 0.615363
6: 0.000000
7: 0.000000
8: 0.000000
9: 0.000001


Expected: 2
00000000000000000000000000000000
00000000000000000000000000000000
00000000000000000000000000000000
00000000000000000000000000000000
00000000000000000000000000000000
00000000000000000000000000000000
00000000000000001110000000000000
00000000000011111111000000000000
00000000000111111111110000000000
00000000001111100000110000000000
00000000011111000000110000000000
00000000111100000000110000000000
00000000111000000001110000000000
00000000111000000001100000000000
00000000010000000011100000000000
00000000000000000011100000000000
00000000000000000011000000000000
00000000000000111111000000000000
00000000000011111111000000000000
00000000000011111111000000000000
00000000000111111101100000000000
00000000000111111001100000000000
00000000000111110001100000000000
00000000000111100001110000000000
00000000000010000001100000000000
00000000000000000000000000000000
00000000000000000000000000000000
00000000000000000000000000000000
00000000000000000000000000000000
00000000000000000000000000000000
00000000000000000000000000000000
00000000000000000000000000000000
Prediction:
0: 0.000000
1: 0.000000
2: 0.109777
3: 0.000000
4: 0.000000
5: 0.000000
6: 0.000000
7: 0.890223
8: 0.000000
9: 0.000000


Expected: 2
00000000000000000000000000000000
00000000000000000000000000000000
00000000000000000000000000000000
00000000000000000000000000000000
00000000000000000000000000000000
00000000000000000000000000000000
00000000000000000000000000000000
00000000000001100000000000000000
00000000000001111000000000000000
00000000000000001100000000000000
00000000000000000100000000000000
00000000000000000100000000000000
00000000000011000100000000000000
00000000001111111100000000000000
00000000011000011100000000000000
00000000100000011110000000000000
00000001100000110011000000000000
00000001000001100001100000000000
00000000100011000000110000000000
00000000111110000000011000000000
00000000011000000000001100000000
00000000000000000000000110000000
00000000000000000000000010000000
00000000000000000000000001000000
00000000000000000000000001100000
00000000000000000000000000000000
00000000000000000000000000000000
00000000000000000000000000000000
00000000000000000000000000000000
00000000000000000000000000000000
00000000000000000000000000000000
00000000000000000000000000000000
Prediction:
0: 0.000000
1: 0.000403
2: 0.312497
3: 0.209391
4: 0.000007
5: 0.000005
6: 0.000000
7: 0.000001
8: 0.000003
9: 0.477694


Expected: 2
00000000000000000000000000000000
00000000000000000000000000000000
00000000000000000000000000000000
00000000000000000000000000000000
00000000000000000000000000000000
00000000000000000000000000000000
00000000000000000000000000000000
00000000000001111111000000000000
00000000000111111111000000000000
00000000001111000011100000000000
00000000011000000011000000000000
00000000000000000011000000000000
00000000000000000110000000000000
00000000000000000110000000000000
00000000000000001100000000000000
00000000000000011100000000000000
00000000000000011000000000000000
00000000000000111000000000000000
00000000000000110000000000000000
00000000000001110000000000000000
00000000000011100000000000000000
00000000000011100000000000000000
00000000000011000000000000000000
00000000000111000100000000000000
00000000000111011000000000000000
00000000000111111000000000000000
00000000000011100000000000000000
00000000000000000000000000000000
00000000000000000000000000000000
00000000000000000000000000000000
00000000000000000000000000000000
00000000000000000000000000000000
Prediction:
0: 0.000000
1: 0.000199
2: 0.018528
3: 0.000003
4: 0.000000
5: 0.000000
6: 0.000000
7: 0.980724
8: 0.000546
9: 0.000000


Expected: 5
00000000000000000000000000000000
00000000000000000000000000000000
00000000000000000000000000000000
00000000000000000000000000000000
00000000000000000000000000000000
00000000000000000000000000000000
00000000000000000000000000000000
00000000011110000000000000000000
00000000111111111111111100000000
00000000111111111111111000000000
00000000111111111111100000000000
00000000001111111110000000000000
00000000000111111111000000000000
00000000001111111111000000000000
00000000001111111111100000000000
00000000000111100111100000000000
00000000000110000011100000000000
00000000000000000011100000000000
00000000000000000011110000000000
00000000000000000011110000000000
00000000000000000011110000000000
00000000001100000011110000000000
00000000011110001111100000000000
00000000011110111111100000000000
00000000011111111111000000000000
00000000001111111100000000000000
00000000000111110000000000000000
00000000000000000000000000000000
00000000000000000000000000000000
00000000000000000000000000000000
00000000000000000000000000000000
00000000000000000000000000000000
Prediction:
0: 0.000000
1: 0.000018
2: 0.000000
3: 0.663394
4: 0.000000
5: 0.336579
6: 0.000000
7: 0.000008
8: 0.000000
9: 0.000000


Expected: 3
00000000000000000000000000000000
00000000000000000000000000000000
00000000000000000000000000000000
00000000000000000000000000000000
00000000000000000000000000000000
00000000000000000000000000000000
00000000000000000000000000000000
00000111111111110001000000000000
00000111111111111111100000000000
00000011111111111111100000000000
00000000001111111110000000000000
00000000001111100000000000000000
00000000011110000000000000000000
00000000011111100000000000000000
00000000001111111100000000000000
00000000000111111111100000000000
00000000000000111111111000000000
00000000000000000111111100000000
00000000000000000000011110000000
00000000000000000000011110000000
00000000011000000001111110000000
00000000111000011111111100000000
00000000111111111111111000000000
00000000111111111110000000000000
00000000001111000000000000000000
00000000000000000000000000000000
00000000000000000000000000000000
00000000000000000000000000000000
00000000000000000000000000000000
00000000000000000000000000000000
00000000000000000000000000000000
00000000000000000000000000000000
Prediction:
0: 0.000000
1: 0.000000
2: 0.000000
3: 0.000442
4: 0.000000
5: 0.999558
6: 0.000000
7: 0.000000
8: 0.000000
9: 0.000000

Total predictions: 500
Correct predictions: 98.80 %
Average latency: 88.022000 (ms)
INFO: [SIM 1] CSim done with 0 errors.
INFO: [SIM 3] *************** CSIM finish ***************
