

================================================================
== Vivado HLS Report for 'max_pool'
================================================================
* Date:           Thu Apr 13 22:43:52 2023

* Version:        2019.1 (Build 2552052 on Fri May 24 15:28:33 MDT 2019)
* Project:        cnn
* Solution:       solution1
* Product family: zynq
* Target device:  xc7z020-clg484-3


================================================================
== Performance Estimates
================================================================
+ Timing (ns): 
    * Summary: 
    +--------+-------+----------+------------+
    |  Clock | Target| Estimated| Uncertainty|
    +--------+-------+----------+------------+
    |ap_clk  |  10.00|     5.085|        1.25|
    +--------+-------+----------+------------+

+ Latency (clock cycles): 
    * Summary: 
    +------+------+------+------+---------+
    |   Latency   |   Interval  | Pipeline|
    |  min |  max |  min |  max |   Type  |
    +------+------+------+------+---------+
    |  2041|  2041|  2041|  2041|   none  |
    +------+------+------+------+---------+

    + Detail: 
        * Instance: 
        N/A

        * Loop: 
        +---------------------+------+------+----------+-----------+-----------+------+----------+
        |                     |   Latency   | Iteration|  Initiation Interval  | Trip |          |
        |      Loop Name      |  min |  max |  Latency |  achieved |   target  | Count| Pipelined|
        +---------------------+------+------+----------+-----------+-----------+------+----------+
        |- Loop 1             |  2040|  2040|       170|          -|          -|    12|    no    |
        | + Loop 1.1          |   168|   168|        14|          -|          -|    12|    no    |
        |  ++ Loop 1.1.1      |    12|    12|         6|          -|          -|     2|    no    |
        |   +++ Loop 1.1.1.1  |     4|     4|         2|          -|          -|     2|    no    |
        +---------------------+------+------+----------+-----------+-----------+------+----------+

============================================================
+ Verbose Summary: Synthesis Manager
============================================================
InlineROM: 1
ExposeGlobal: 0
============================================================
+ Verbose Summary: CDFG Model
============================================================
IsTopModel: 0
ResetActiveHigh: 1
IsCombinational: 0
IsDatapathOnly: 0
HasWiredReturn: 1
HasMFsm: 0
HasVarLatency: 1
IsPipeline: 0
IsRtlPipelined: 0
IsInstanceOverlapped: 0
IsDontTouch: 0
HasImplIP: 0
IsGatedGlobalClock: 0


============================================================
+ Verbose Summary: Schedule
============================================================
* Number of FSM states : 6
* Pipeline : 0
* Dataflow Pipeline: 0

* FSM state transitions: 
1 --> 2 
2 --> 3 
3 --> 4 2 
4 --> 5 3 
5 --> 6 4 
6 --> 5 

* FSM state operations: 

State 1 <SV = 0> <Delay = 1.57>
ST_1 : Operation 7 [1/1] (0.00ns)   --->   "%feature_V_offset_rea = call i3 @_ssdm_op_Read.ap_auto.i3(i3 %feature_V_offset)" [lib/pool.cpp:53]   --->   Operation 7 'read' 'feature_V_offset_rea' <Predicate = true> <Delay = 0.00>
ST_1 : Operation 8 [1/1] (0.00ns)   --->   "%tmp = call i7 @_ssdm_op_BitConcatenate.i7.i3.i4(i3 %feature_V_offset_rea, i4 0)" [lib/pool.cpp:53]   --->   Operation 8 'bitconcatenate' 'tmp' <Predicate = true> <Delay = 0.00>
ST_1 : Operation 9 [1/1] (0.00ns)   --->   "%zext_ln203 = zext i7 %tmp to i8" [lib/pool.cpp:53]   --->   Operation 9 'zext' 'zext_ln203' <Predicate = true> <Delay = 0.00>
ST_1 : Operation 10 [1/1] (0.00ns)   --->   "%tmp_3 = call i5 @_ssdm_op_BitConcatenate.i5.i3.i2(i3 %feature_V_offset_rea, i2 0)" [lib/pool.cpp:53]   --->   Operation 10 'bitconcatenate' 'tmp_3' <Predicate = true> <Delay = 0.00>
ST_1 : Operation 11 [1/1] (0.00ns)   --->   "%zext_ln203_1 = zext i5 %tmp_3 to i8" [lib/pool.cpp:53]   --->   Operation 11 'zext' 'zext_ln203_1' <Predicate = true> <Delay = 0.00>
ST_1 : Operation 12 [1/1] (1.57ns)   --->   "%sub_ln203 = sub i8 %zext_ln203, %zext_ln203_1" [lib/pool.cpp:53]   --->   Operation 12 'sub' 'sub_ln203' <Predicate = true> <Delay = 1.57> <Core = "AddSub">   --->   Core 14 'AddSub' <Latency = 0> <II = 1> <Delay = 1.46> <FuncUnit> <Opcode : 'add' 'sub'> <InPorts = 2> <OutPorts = 1>
ST_1 : Operation 13 [1/1] (0.00ns)   --->   "%sext_ln203 = sext i8 %sub_ln203 to i9" [lib/pool.cpp:53]   --->   Operation 13 'sext' 'sext_ln203' <Predicate = true> <Delay = 0.00>
ST_1 : Operation 14 [1/1] (1.17ns)   --->   "br label %1" [lib/pool.cpp:40]   --->   Operation 14 'br' <Predicate = true> <Delay = 1.17>

State 2 <SV = 1> <Delay = 3.25>
ST_2 : Operation 15 [1/1] (0.00ns)   --->   "%r_0 = phi i5 [ 0, %0 ], [ %r, %3 ]"   --->   Operation 15 'phi' 'r_0' <Predicate = true> <Delay = 0.00>
ST_2 : Operation 16 [1/1] (1.14ns)   --->   "%icmp_ln40 = icmp ult i5 %r_0, -8" [lib/pool.cpp:40]   --->   Operation 16 'icmp' 'icmp_ln40' <Predicate = true> <Delay = 1.14> <Core = "Cmp">   --->   Core 25 'Cmp' <Latency = 0> <II = 1> <Delay = 1.66> <FuncUnit> <Opcode : 'icmp'> <InPorts = 2> <OutPorts = 1>
ST_2 : Operation 17 [1/1] (0.00ns)   --->   "%empty = call i32 (...)* @_ssdm_op_SpecLoopTripCount(i64 12, i64 12, i64 12)"   --->   Operation 17 'speclooptripcount' 'empty' <Predicate = true> <Delay = 0.00>
ST_2 : Operation 18 [1/1] (0.00ns)   --->   "br i1 %icmp_ln40, label %.preheader15.preheader, label %4" [lib/pool.cpp:40]   --->   Operation 18 'br' <Predicate = true> <Delay = 0.00>
ST_2 : Operation 19 [1/1] (0.00ns)   --->   "%tmp_10 = call i4 @_ssdm_op_PartSelect.i4.i5.i32.i32(i5 %r_0, i32 1, i32 4)" [lib/pool.cpp:53]   --->   Operation 19 'partselect' 'tmp_10' <Predicate = (icmp_ln40)> <Delay = 0.00>
ST_2 : Operation 20 [1/1] (0.00ns)   --->   "%zext_ln203_2 = zext i4 %tmp_10 to i9" [lib/pool.cpp:53]   --->   Operation 20 'zext' 'zext_ln203_2' <Predicate = (icmp_ln40)> <Delay = 0.00>
ST_2 : Operation 21 [1/1] (1.62ns)   --->   "%add_ln203 = add i9 %zext_ln203_2, %sext_ln203" [lib/pool.cpp:53]   --->   Operation 21 'add' 'add_ln203' <Predicate = (icmp_ln40)> <Delay = 1.62> <Core = "AddSub">   --->   Core 14 'AddSub' <Latency = 0> <II = 1> <Delay = 1.46> <FuncUnit> <Opcode : 'add' 'sub'> <InPorts = 2> <OutPorts = 1>
ST_2 : Operation 22 [1/1] (0.00ns)   --->   "%trunc_ln203 = trunc i9 %add_ln203 to i7" [lib/pool.cpp:53]   --->   Operation 22 'trunc' 'trunc_ln203' <Predicate = (icmp_ln40)> <Delay = 0.00>
ST_2 : Operation 23 [1/1] (0.00ns)   --->   "%p_shl2_cast = call i11 @_ssdm_op_BitConcatenate.i11.i7.i4(i7 %trunc_ln203, i4 0)" [lib/pool.cpp:53]   --->   Operation 23 'bitconcatenate' 'p_shl2_cast' <Predicate = (icmp_ln40)> <Delay = 0.00>
ST_2 : Operation 24 [1/1] (0.00ns)   --->   "%p_shl3_cast = call i11 @_ssdm_op_BitConcatenate.i11.i9.i2(i9 %add_ln203, i2 0)" [lib/pool.cpp:53]   --->   Operation 24 'bitconcatenate' 'p_shl3_cast' <Predicate = (icmp_ln40)> <Delay = 0.00>
ST_2 : Operation 25 [1/1] (1.63ns)   --->   "%sub_ln203_1 = sub i11 %p_shl2_cast, %p_shl3_cast" [lib/pool.cpp:53]   --->   Operation 25 'sub' 'sub_ln203_1' <Predicate = (icmp_ln40)> <Delay = 1.63> <Core = "AddSub">   --->   Core 14 'AddSub' <Latency = 0> <II = 1> <Delay = 1.46> <FuncUnit> <Opcode : 'add' 'sub'> <InPorts = 2> <OutPorts = 1>
ST_2 : Operation 26 [1/1] (1.17ns)   --->   "br label %.preheader15" [lib/pool.cpp:42]   --->   Operation 26 'br' <Predicate = (icmp_ln40)> <Delay = 1.17>
ST_2 : Operation 27 [1/1] (0.00ns)   --->   "ret void" [lib/pool.cpp:56]   --->   Operation 27 'ret' <Predicate = (!icmp_ln40)> <Delay = 0.00>

State 3 <SV = 2> <Delay = 1.46>
ST_3 : Operation 28 [1/1] (0.00ns)   --->   "%c_0 = phi i5 [ %c, %2 ], [ 0, %.preheader15.preheader ]"   --->   Operation 28 'phi' 'c_0' <Predicate = true> <Delay = 0.00>
ST_3 : Operation 29 [1/1] (1.14ns)   --->   "%icmp_ln42 = icmp ult i5 %c_0, -8" [lib/pool.cpp:42]   --->   Operation 29 'icmp' 'icmp_ln42' <Predicate = true> <Delay = 1.14> <Core = "Cmp">   --->   Core 25 'Cmp' <Latency = 0> <II = 1> <Delay = 1.66> <FuncUnit> <Opcode : 'icmp'> <InPorts = 2> <OutPorts = 1>
ST_3 : Operation 30 [1/1] (0.00ns)   --->   "%empty_39 = call i32 (...)* @_ssdm_op_SpecLoopTripCount(i64 12, i64 12, i64 12)"   --->   Operation 30 'speclooptripcount' 'empty_39' <Predicate = true> <Delay = 0.00>
ST_3 : Operation 31 [1/1] (0.00ns)   --->   "br i1 %icmp_ln42, label %ap_fixed_base.1.exit.preheader, label %3" [lib/pool.cpp:42]   --->   Operation 31 'br' <Predicate = true> <Delay = 0.00>
ST_3 : Operation 32 [1/1] (1.17ns)   --->   "br label %ap_fixed_base.1.exit" [lib/pool.cpp:46]   --->   Operation 32 'br' <Predicate = (icmp_ln42)> <Delay = 1.17>
ST_3 : Operation 33 [1/1] (1.46ns)   --->   "%r = add i5 %r_0, 2" [lib/pool.cpp:40]   --->   Operation 33 'add' 'r' <Predicate = (!icmp_ln42)> <Delay = 1.46> <Core = "AddSub">   --->   Core 14 'AddSub' <Latency = 0> <II = 1> <Delay = 1.46> <FuncUnit> <Opcode : 'add' 'sub'> <InPorts = 2> <OutPorts = 1>
ST_3 : Operation 34 [1/1] (0.00ns)   --->   "br label %1" [lib/pool.cpp:40]   --->   Operation 34 'br' <Predicate = (!icmp_ln42)> <Delay = 0.00>

State 4 <SV = 3> <Delay = 3.09>
ST_4 : Operation 35 [1/1] (0.00ns)   --->   "%pool_0 = phi i14 [ %pool_1, %ap_fixed_base.1.exit.loopexit ], [ 0, %ap_fixed_base.1.exit.preheader ]" [lib/pool.cpp:49]   --->   Operation 35 'phi' 'pool_0' <Predicate = true> <Delay = 0.00>
ST_4 : Operation 36 [1/1] (0.00ns)   --->   "%pr_0 = phi i2 [ %pr, %ap_fixed_base.1.exit.loopexit ], [ 0, %ap_fixed_base.1.exit.preheader ]"   --->   Operation 36 'phi' 'pr_0' <Predicate = true> <Delay = 0.00>
ST_4 : Operation 37 [1/1] (0.00ns)   --->   "%zext_ln46 = zext i2 %pr_0 to i5" [lib/pool.cpp:46]   --->   Operation 37 'zext' 'zext_ln46' <Predicate = true> <Delay = 0.00>
ST_4 : Operation 38 [1/1] (0.70ns)   --->   "%icmp_ln46 = icmp eq i2 %pr_0, -2" [lib/pool.cpp:46]   --->   Operation 38 'icmp' 'icmp_ln46' <Predicate = true> <Delay = 0.70> <Core = "Cmp">   --->   Core 25 'Cmp' <Latency = 0> <II = 1> <Delay = 1.66> <FuncUnit> <Opcode : 'icmp'> <InPorts = 2> <OutPorts = 1>
ST_4 : Operation 39 [1/1] (0.00ns)   --->   "%empty_40 = call i32 (...)* @_ssdm_op_SpecLoopTripCount(i64 2, i64 2, i64 2)"   --->   Operation 39 'speclooptripcount' 'empty_40' <Predicate = true> <Delay = 0.00>
ST_4 : Operation 40 [1/1] (1.14ns)   --->   "%pr = add i2 %pr_0, 1" [lib/pool.cpp:46]   --->   Operation 40 'add' 'pr' <Predicate = true> <Delay = 1.14> <Core = "AddSub">   --->   Core 14 'AddSub' <Latency = 0> <II = 1> <Delay = 1.46> <FuncUnit> <Opcode : 'add' 'sub'> <InPorts = 2> <OutPorts = 1>
ST_4 : Operation 41 [1/1] (0.00ns)   --->   "br i1 %icmp_ln46, label %2, label %.preheader.preheader" [lib/pool.cpp:46]   --->   Operation 41 'br' <Predicate = true> <Delay = 0.00>
ST_4 : Operation 42 [1/1] (1.46ns)   --->   "%add_ln49 = add i5 %zext_ln46, %r_0" [lib/pool.cpp:49]   --->   Operation 42 'add' 'add_ln49' <Predicate = (!icmp_ln46)> <Delay = 1.46> <Core = "AddSub">   --->   Core 14 'AddSub' <Latency = 0> <II = 1> <Delay = 1.46> <FuncUnit> <Opcode : 'add' 'sub'> <InPorts = 2> <OutPorts = 1>
ST_4 : Operation 43 [1/1] (0.00ns)   --->   "%tmp_6 = call i10 @_ssdm_op_BitConcatenate.i10.i5.i5(i5 %add_ln49, i5 0)" [lib/pool.cpp:49]   --->   Operation 43 'bitconcatenate' 'tmp_6' <Predicate = (!icmp_ln46)> <Delay = 0.00>
ST_4 : Operation 44 [1/1] (0.00ns)   --->   "%zext_ln1494 = zext i10 %tmp_6 to i11" [lib/pool.cpp:49]   --->   Operation 44 'zext' 'zext_ln1494' <Predicate = (!icmp_ln46)> <Delay = 0.00>
ST_4 : Operation 45 [1/1] (0.00ns)   --->   "%tmp_7 = call i8 @_ssdm_op_BitConcatenate.i8.i5.i3(i5 %add_ln49, i3 0)" [lib/pool.cpp:49]   --->   Operation 45 'bitconcatenate' 'tmp_7' <Predicate = (!icmp_ln46)> <Delay = 0.00>
ST_4 : Operation 46 [1/1] (0.00ns)   --->   "%zext_ln1494_2 = zext i8 %tmp_7 to i11" [lib/pool.cpp:49]   --->   Operation 46 'zext' 'zext_ln1494_2' <Predicate = (!icmp_ln46)> <Delay = 0.00>
ST_4 : Operation 47 [1/1] (1.62ns)   --->   "%sub_ln1494 = sub i11 %zext_ln1494, %zext_ln1494_2" [lib/pool.cpp:49]   --->   Operation 47 'sub' 'sub_ln1494' <Predicate = (!icmp_ln46)> <Delay = 1.62> <Core = "AddSub">   --->   Core 14 'AddSub' <Latency = 0> <II = 1> <Delay = 1.46> <FuncUnit> <Opcode : 'add' 'sub'> <InPorts = 2> <OutPorts = 1>
ST_4 : Operation 48 [1/1] (1.17ns)   --->   "br label %.preheader" [lib/pool.cpp:47]   --->   Operation 48 'br' <Predicate = (!icmp_ln46)> <Delay = 1.17>
ST_4 : Operation 49 [1/1] (0.00ns)   --->   "%tmp_11 = call i4 @_ssdm_op_PartSelect.i4.i5.i32.i32(i5 %c_0, i32 1, i32 4)" [lib/pool.cpp:53]   --->   Operation 49 'partselect' 'tmp_11' <Predicate = (icmp_ln46)> <Delay = 0.00>
ST_4 : Operation 50 [1/1] (0.00ns)   --->   "%zext_ln203_3 = zext i4 %tmp_11 to i11" [lib/pool.cpp:53]   --->   Operation 50 'zext' 'zext_ln203_3' <Predicate = (icmp_ln46)> <Delay = 0.00>
ST_4 : Operation 51 [1/1] (1.63ns)   --->   "%add_ln203_1 = add i11 %sub_ln203_1, %zext_ln203_3" [lib/pool.cpp:53]   --->   Operation 51 'add' 'add_ln203_1' <Predicate = (icmp_ln46)> <Delay = 1.63> <Core = "AddSub">   --->   Core 14 'AddSub' <Latency = 0> <II = 1> <Delay = 1.46> <FuncUnit> <Opcode : 'add' 'sub'> <InPorts = 2> <OutPorts = 1>
ST_4 : Operation 52 [1/1] (0.00ns)   --->   "%zext_ln203_4 = zext i11 %add_ln203_1 to i64" [lib/pool.cpp:53]   --->   Operation 52 'zext' 'zext_ln203_4' <Predicate = (icmp_ln46)> <Delay = 0.00>
ST_4 : Operation 53 [1/1] (0.00ns)   --->   "%pool_feature_V_addr = getelementptr [864 x i14]* %pool_feature_V, i64 0, i64 %zext_ln203_4" [lib/pool.cpp:53]   --->   Operation 53 'getelementptr' 'pool_feature_V_addr' <Predicate = (icmp_ln46)> <Delay = 0.00>
ST_4 : Operation 54 [1/1] (1.20ns)   --->   "store i14 %pool_0, i14* %pool_feature_V_addr, align 2" [lib/pool.cpp:53]   --->   Operation 54 'store' <Predicate = (icmp_ln46)> <Delay = 1.20> <Core = "RAM">   --->   Core 37 'RAM' <Latency = 1> <II = 1> <Delay = 1.20> <Storage> <Opcode : 'load' 'store'> <Ports = 2> <Width = 14> <Depth = 864> <RAM>
ST_4 : Operation 55 [1/1] (1.46ns)   --->   "%c = add i5 %c_0, 2" [lib/pool.cpp:42]   --->   Operation 55 'add' 'c' <Predicate = (icmp_ln46)> <Delay = 1.46> <Core = "AddSub">   --->   Core 14 'AddSub' <Latency = 0> <II = 1> <Delay = 1.46> <FuncUnit> <Opcode : 'add' 'sub'> <InPorts = 2> <OutPorts = 1>
ST_4 : Operation 56 [1/1] (0.00ns)   --->   "br label %.preheader15" [lib/pool.cpp:42]   --->   Operation 56 'br' <Predicate = (icmp_ln46)> <Delay = 0.00>

State 5 <SV = 4> <Delay = 4.29>
ST_5 : Operation 57 [1/1] (0.00ns)   --->   "%pool_1 = phi i14 [ %pool_0, %.preheader.preheader ], [ %select_ln49, %._crit_edge ]" [lib/pool.cpp:49]   --->   Operation 57 'phi' 'pool_1' <Predicate = true> <Delay = 0.00>
ST_5 : Operation 58 [1/1] (0.00ns)   --->   "%pc_0 = phi i2 [ 0, %.preheader.preheader ], [ %pc, %._crit_edge ]"   --->   Operation 58 'phi' 'pc_0' <Predicate = true> <Delay = 0.00>
ST_5 : Operation 59 [1/1] (0.00ns)   --->   "%zext_ln47 = zext i2 %pc_0 to i5" [lib/pool.cpp:47]   --->   Operation 59 'zext' 'zext_ln47' <Predicate = true> <Delay = 0.00>
ST_5 : Operation 60 [1/1] (0.70ns)   --->   "%icmp_ln47 = icmp eq i2 %pc_0, -2" [lib/pool.cpp:47]   --->   Operation 60 'icmp' 'icmp_ln47' <Predicate = true> <Delay = 0.70> <Core = "Cmp">   --->   Core 25 'Cmp' <Latency = 0> <II = 1> <Delay = 1.66> <FuncUnit> <Opcode : 'icmp'> <InPorts = 2> <OutPorts = 1>
ST_5 : Operation 61 [1/1] (0.00ns)   --->   "%empty_41 = call i32 (...)* @_ssdm_op_SpecLoopTripCount(i64 2, i64 2, i64 2)"   --->   Operation 61 'speclooptripcount' 'empty_41' <Predicate = true> <Delay = 0.00>
ST_5 : Operation 62 [1/1] (1.14ns)   --->   "%pc = add i2 %pc_0, 1" [lib/pool.cpp:47]   --->   Operation 62 'add' 'pc' <Predicate = true> <Delay = 1.14> <Core = "AddSub">   --->   Core 14 'AddSub' <Latency = 0> <II = 1> <Delay = 1.46> <FuncUnit> <Opcode : 'add' 'sub'> <InPorts = 2> <OutPorts = 1>
ST_5 : Operation 63 [1/1] (0.00ns)   --->   "br i1 %icmp_ln47, label %ap_fixed_base.1.exit.loopexit, label %._crit_edge" [lib/pool.cpp:47]   --->   Operation 63 'br' <Predicate = true> <Delay = 0.00>
ST_5 : Operation 64 [1/1] (1.46ns)   --->   "%add_ln49_1 = add i5 %zext_ln47, %c_0" [lib/pool.cpp:49]   --->   Operation 64 'add' 'add_ln49_1' <Predicate = (!icmp_ln47)> <Delay = 1.46> <Core = "AddSub">   --->   Core 14 'AddSub' <Latency = 0> <II = 1> <Delay = 1.46> <FuncUnit> <Opcode : 'add' 'sub'> <InPorts = 2> <OutPorts = 1>
ST_5 : Operation 65 [1/1] (0.00ns)   --->   "%zext_ln1494_3 = zext i5 %add_ln49_1 to i11" [lib/pool.cpp:49]   --->   Operation 65 'zext' 'zext_ln1494_3' <Predicate = (!icmp_ln47)> <Delay = 0.00>
ST_5 : Operation 66 [1/1] (1.63ns)   --->   "%add_ln1494 = add i11 %sub_ln1494, %zext_ln1494_3" [lib/pool.cpp:49]   --->   Operation 66 'add' 'add_ln1494' <Predicate = (!icmp_ln47)> <Delay = 1.63> <Core = "AddSub">   --->   Core 14 'AddSub' <Latency = 0> <II = 1> <Delay = 1.46> <FuncUnit> <Opcode : 'add' 'sub'> <InPorts = 2> <OutPorts = 1>
ST_5 : Operation 67 [1/1] (0.00ns)   --->   "%sext_ln1494 = sext i11 %add_ln1494 to i64" [lib/pool.cpp:49]   --->   Operation 67 'sext' 'sext_ln1494' <Predicate = (!icmp_ln47)> <Delay = 0.00>
ST_5 : Operation 68 [1/1] (0.00ns)   --->   "%feature_0_V_addr = getelementptr [576 x i13]* %feature_0_V, i64 0, i64 %sext_ln1494" [lib/pool.cpp:49]   --->   Operation 68 'getelementptr' 'feature_0_V_addr' <Predicate = (!icmp_ln47)> <Delay = 0.00>
ST_5 : Operation 69 [1/1] (0.00ns)   --->   "%feature_1_V_addr = getelementptr [576 x i13]* %feature_1_V, i64 0, i64 %sext_ln1494" [lib/pool.cpp:49]   --->   Operation 69 'getelementptr' 'feature_1_V_addr' <Predicate = (!icmp_ln47)> <Delay = 0.00>
ST_5 : Operation 70 [1/1] (0.00ns)   --->   "%feature_2_V_addr = getelementptr [576 x i13]* %feature_2_V, i64 0, i64 %sext_ln1494" [lib/pool.cpp:49]   --->   Operation 70 'getelementptr' 'feature_2_V_addr' <Predicate = (!icmp_ln47)> <Delay = 0.00>
ST_5 : Operation 71 [1/1] (0.00ns)   --->   "%feature_3_V_addr = getelementptr [576 x i13]* %feature_3_V, i64 0, i64 %sext_ln1494" [lib/pool.cpp:49]   --->   Operation 71 'getelementptr' 'feature_3_V_addr' <Predicate = (!icmp_ln47)> <Delay = 0.00>
ST_5 : Operation 72 [1/1] (0.00ns)   --->   "%feature_4_V_addr = getelementptr [576 x i13]* %feature_4_V, i64 0, i64 %sext_ln1494" [lib/pool.cpp:49]   --->   Operation 72 'getelementptr' 'feature_4_V_addr' <Predicate = (!icmp_ln47)> <Delay = 0.00>
ST_5 : Operation 73 [1/1] (0.00ns)   --->   "%feature_5_V_addr = getelementptr [576 x i13]* %feature_5_V, i64 0, i64 %sext_ln1494" [lib/pool.cpp:49]   --->   Operation 73 'getelementptr' 'feature_5_V_addr' <Predicate = (!icmp_ln47)> <Delay = 0.00>
ST_5 : Operation 74 [2/2] (1.20ns)   --->   "%feature_0_V_load = load i13* %feature_0_V_addr, align 2" [lib/pool.cpp:49]   --->   Operation 74 'load' 'feature_0_V_load' <Predicate = (!icmp_ln47)> <Delay = 1.20> <Core = "RAM">   --->   Core 37 'RAM' <Latency = 1> <II = 1> <Delay = 1.20> <Storage> <Opcode : 'load' 'store'> <Ports = 2> <Width = 14> <Depth = 864> <RAM>
ST_5 : Operation 75 [2/2] (1.20ns)   --->   "%feature_1_V_load = load i13* %feature_1_V_addr, align 2" [lib/pool.cpp:49]   --->   Operation 75 'load' 'feature_1_V_load' <Predicate = (!icmp_ln47)> <Delay = 1.20> <Core = "RAM">   --->   Core 37 'RAM' <Latency = 1> <II = 1> <Delay = 1.20> <Storage> <Opcode : 'load' 'store'> <Ports = 2> <Width = 14> <Depth = 864> <RAM>
ST_5 : Operation 76 [2/2] (1.20ns)   --->   "%feature_2_V_load = load i13* %feature_2_V_addr, align 2" [lib/pool.cpp:49]   --->   Operation 76 'load' 'feature_2_V_load' <Predicate = (!icmp_ln47)> <Delay = 1.20> <Core = "RAM">   --->   Core 37 'RAM' <Latency = 1> <II = 1> <Delay = 1.20> <Storage> <Opcode : 'load' 'store'> <Ports = 2> <Width = 14> <Depth = 864> <RAM>
ST_5 : Operation 77 [2/2] (1.20ns)   --->   "%feature_3_V_load = load i13* %feature_3_V_addr, align 2" [lib/pool.cpp:49]   --->   Operation 77 'load' 'feature_3_V_load' <Predicate = (!icmp_ln47)> <Delay = 1.20> <Core = "RAM">   --->   Core 37 'RAM' <Latency = 1> <II = 1> <Delay = 1.20> <Storage> <Opcode : 'load' 'store'> <Ports = 2> <Width = 14> <Depth = 864> <RAM>
ST_5 : Operation 78 [2/2] (1.20ns)   --->   "%feature_4_V_load = load i13* %feature_4_V_addr, align 2" [lib/pool.cpp:49]   --->   Operation 78 'load' 'feature_4_V_load' <Predicate = (!icmp_ln47)> <Delay = 1.20> <Core = "RAM">   --->   Core 37 'RAM' <Latency = 1> <II = 1> <Delay = 1.20> <Storage> <Opcode : 'load' 'store'> <Ports = 2> <Width = 14> <Depth = 864> <RAM>
ST_5 : Operation 79 [2/2] (1.20ns)   --->   "%feature_5_V_load = load i13* %feature_5_V_addr, align 2" [lib/pool.cpp:49]   --->   Operation 79 'load' 'feature_5_V_load' <Predicate = (!icmp_ln47)> <Delay = 1.20> <Core = "RAM">   --->   Core 37 'RAM' <Latency = 1> <II = 1> <Delay = 1.20> <Storage> <Opcode : 'load' 'store'> <Ports = 2> <Width = 14> <Depth = 864> <RAM>
ST_5 : Operation 80 [1/1] (0.00ns)   --->   "br label %ap_fixed_base.1.exit"   --->   Operation 80 'br' <Predicate = (icmp_ln47)> <Delay = 0.00>

State 6 <SV = 5> <Delay = 5.08>
ST_6 : Operation 81 [1/2] (1.20ns)   --->   "%feature_0_V_load = load i13* %feature_0_V_addr, align 2" [lib/pool.cpp:49]   --->   Operation 81 'load' 'feature_0_V_load' <Predicate = true> <Delay = 1.20> <Core = "RAM">   --->   Core 37 'RAM' <Latency = 1> <II = 1> <Delay = 1.20> <Storage> <Opcode : 'load' 'store'> <Ports = 2> <Width = 14> <Depth = 864> <RAM>
ST_6 : Operation 82 [1/1] (0.00ns)   --->   "%zext_ln1494_4 = zext i13 %feature_0_V_load to i14" [lib/pool.cpp:49]   --->   Operation 82 'zext' 'zext_ln1494_4' <Predicate = true> <Delay = 0.00>
ST_6 : Operation 83 [1/2] (1.20ns)   --->   "%feature_1_V_load = load i13* %feature_1_V_addr, align 2" [lib/pool.cpp:49]   --->   Operation 83 'load' 'feature_1_V_load' <Predicate = true> <Delay = 1.20> <Core = "RAM">   --->   Core 37 'RAM' <Latency = 1> <II = 1> <Delay = 1.20> <Storage> <Opcode : 'load' 'store'> <Ports = 2> <Width = 14> <Depth = 864> <RAM>
ST_6 : Operation 84 [1/1] (0.00ns)   --->   "%zext_ln1494_5 = zext i13 %feature_1_V_load to i14" [lib/pool.cpp:49]   --->   Operation 84 'zext' 'zext_ln1494_5' <Predicate = true> <Delay = 0.00>
ST_6 : Operation 85 [1/2] (1.20ns)   --->   "%feature_2_V_load = load i13* %feature_2_V_addr, align 2" [lib/pool.cpp:49]   --->   Operation 85 'load' 'feature_2_V_load' <Predicate = true> <Delay = 1.20> <Core = "RAM">   --->   Core 37 'RAM' <Latency = 1> <II = 1> <Delay = 1.20> <Storage> <Opcode : 'load' 'store'> <Ports = 2> <Width = 14> <Depth = 864> <RAM>
ST_6 : Operation 86 [1/1] (0.00ns)   --->   "%zext_ln1494_6 = zext i13 %feature_2_V_load to i14" [lib/pool.cpp:49]   --->   Operation 86 'zext' 'zext_ln1494_6' <Predicate = true> <Delay = 0.00>
ST_6 : Operation 87 [1/2] (1.20ns)   --->   "%feature_3_V_load = load i13* %feature_3_V_addr, align 2" [lib/pool.cpp:49]   --->   Operation 87 'load' 'feature_3_V_load' <Predicate = true> <Delay = 1.20> <Core = "RAM">   --->   Core 37 'RAM' <Latency = 1> <II = 1> <Delay = 1.20> <Storage> <Opcode : 'load' 'store'> <Ports = 2> <Width = 14> <Depth = 864> <RAM>
ST_6 : Operation 88 [1/1] (0.00ns)   --->   "%zext_ln1494_7 = zext i13 %feature_3_V_load to i14" [lib/pool.cpp:49]   --->   Operation 88 'zext' 'zext_ln1494_7' <Predicate = true> <Delay = 0.00>
ST_6 : Operation 89 [1/2] (1.20ns)   --->   "%feature_4_V_load = load i13* %feature_4_V_addr, align 2" [lib/pool.cpp:49]   --->   Operation 89 'load' 'feature_4_V_load' <Predicate = true> <Delay = 1.20> <Core = "RAM">   --->   Core 37 'RAM' <Latency = 1> <II = 1> <Delay = 1.20> <Storage> <Opcode : 'load' 'store'> <Ports = 2> <Width = 14> <Depth = 864> <RAM>
ST_6 : Operation 90 [1/1] (0.00ns)   --->   "%zext_ln1494_8 = zext i13 %feature_4_V_load to i14" [lib/pool.cpp:49]   --->   Operation 90 'zext' 'zext_ln1494_8' <Predicate = true> <Delay = 0.00>
ST_6 : Operation 91 [1/2] (1.20ns)   --->   "%feature_5_V_load = load i13* %feature_5_V_addr, align 2" [lib/pool.cpp:49]   --->   Operation 91 'load' 'feature_5_V_load' <Predicate = true> <Delay = 1.20> <Core = "RAM">   --->   Core 37 'RAM' <Latency = 1> <II = 1> <Delay = 1.20> <Storage> <Opcode : 'load' 'store'> <Ports = 2> <Width = 14> <Depth = 864> <RAM>
ST_6 : Operation 92 [1/1] (0.00ns)   --->   "%zext_ln1494_9 = zext i13 %feature_5_V_load to i14" [lib/pool.cpp:49]   --->   Operation 92 'zext' 'zext_ln1494_9' <Predicate = true> <Delay = 0.00>
ST_6 : Operation 93 [1/1] (1.66ns)   --->   "%pool_V = call i14 @_ssdm_op_Mux.ap_auto.6i14.i3(i14 %zext_ln1494_4, i14 %zext_ln1494_5, i14 %zext_ln1494_6, i14 %zext_ln1494_7, i14 %zext_ln1494_8, i14 %zext_ln1494_9, i3 %feature_V_offset_rea)" [lib/pool.cpp:49]   --->   Operation 93 'mux' 'pool_V' <Predicate = true> <Delay = 1.66> <Core = "MuxnS">   --->   Core 31 'MuxnS' <Latency = 0> <II = 1> <Delay = 1.66> <FuncUnit> <Opcode : 'mux'> <InPorts = 2> <OutPorts = 1>
ST_6 : Operation 94 [1/1] (1.66ns)   --->   "%icmp_ln1494 = icmp sgt i14 %pool_V, %pool_1" [lib/pool.cpp:49]   --->   Operation 94 'icmp' 'icmp_ln1494' <Predicate = true> <Delay = 1.66> <Core = "Cmp">   --->   Core 25 'Cmp' <Latency = 0> <II = 1> <Delay = 1.66> <FuncUnit> <Opcode : 'icmp'> <InPorts = 2> <OutPorts = 1>
ST_6 : Operation 95 [1/1] (0.55ns)   --->   "%select_ln49 = select i1 %icmp_ln1494, i14 %pool_V, i14 %pool_1" [lib/pool.cpp:49]   --->   Operation 95 'select' 'select_ln49' <Predicate = true> <Delay = 0.55> <Core = "Sel">   --->   Core 26 'Sel' <Latency = 0> <II = 1> <Delay = 0.55> <FuncUnit> <Opcode : 'select'> <InPorts = 3> <OutPorts = 1>
ST_6 : Operation 96 [1/1] (0.00ns)   --->   "br label %.preheader" [lib/pool.cpp:47]   --->   Operation 96 'br' <Predicate = true> <Delay = 0.00>


============================================================
+ Verbose Summary: Timing violations
============================================================
Target clock period: 10ns, clock uncertainty: 1.25ns.

 <State 1>: 1.57ns
The critical path consists of the following:
	wire read on port 'feature_V_offset' (lib/pool.cpp:53) [9]  (0 ns)
	'sub' operation ('sub_ln203', lib/pool.cpp:53) [14]  (1.57 ns)

 <State 2>: 3.26ns
The critical path consists of the following:
	'phi' operation ('r') with incoming values : ('r', lib/pool.cpp:40) [18]  (0 ns)
	'add' operation ('add_ln203', lib/pool.cpp:53) [25]  (1.63 ns)
	'sub' operation ('sub_ln203_1', lib/pool.cpp:53) [29]  (1.63 ns)

 <State 3>: 1.46ns
The critical path consists of the following:
	'add' operation ('r', lib/pool.cpp:40) [101]  (1.46 ns)

 <State 4>: 3.09ns
The critical path consists of the following:
	'phi' operation ('pr') with incoming values : ('pr', lib/pool.cpp:46) [40]  (0 ns)
	'add' operation ('add_ln49', lib/pool.cpp:49) [47]  (1.46 ns)
	'sub' operation ('sub_ln1494', lib/pool.cpp:49) [52]  (1.63 ns)

 <State 5>: 4.3ns
The critical path consists of the following:
	'phi' operation ('pc') with incoming values : ('pc', lib/pool.cpp:47) [56]  (0 ns)
	'add' operation ('add_ln49_1', lib/pool.cpp:49) [63]  (1.46 ns)
	'add' operation ('add_ln1494', lib/pool.cpp:49) [65]  (1.63 ns)
	'getelementptr' operation ('feature_0_V_addr', lib/pool.cpp:49) [67]  (0 ns)
	'load' operation ('feature_0_V_load', lib/pool.cpp:49) on array 'feature_0_V' [73]  (1.21 ns)

 <State 6>: 5.09ns
The critical path consists of the following:
	'load' operation ('feature_0_V_load', lib/pool.cpp:49) on array 'feature_0_V' [73]  (1.21 ns)
	'mux' operation ('pool.V', lib/pool.cpp:49) [85]  (1.66 ns)
	'icmp' operation ('icmp_ln1494', lib/pool.cpp:49) [86]  (1.66 ns)
	'select' operation ('select_ln49', lib/pool.cpp:49) [87]  (0.552 ns)


============================================================
+ Verbose Summary: Binding
============================================================
N/A
* FSMD analyzer results:
  - Output states:
 - Input state : 
  - Chain level:
	State 1
	State 2
	State 3
	State 4
	State 5
	State 6


============================================================
+ Verbose Summary: Datapath Resource usage 
============================================================
N/A
