

================================================================
== Vivado HLS Report for 'soft_max'
================================================================
* Date:           Fri Apr 14 19:32:18 2023

* Version:        2019.1 (Build 2552052 on Fri May 24 15:28:33 MDT 2019)
* Project:        cnn
* Solution:       solution1
* Product family: zynq
* Target device:  xc7z020-clg484-3


================================================================
== Performance Estimates
================================================================
+ Timing (ns): 
    * Summary: 
    +--------+-------+----------+------------+
    |  Clock | Target| Estimated| Uncertainty|
    +--------+-------+----------+------------+
    |ap_clk  |  10.00|     8.113|        1.25|
    +--------+-------+----------+------------+

+ Latency (clock cycles): 
    * Summary: 
    +-----+-----+-----+-----+---------+
    |  Latency  |  Interval | Pipeline|
    | min | max | min | max |   Type  |
    +-----+-----+-----+-----+---------+
    |  352|  352|  352|  352|   none  |
    +-----+-----+-----+-----+---------+

    + Detail: 
        * Instance: 
        N/A

        * Loop: 
        +----------+-----+-----+----------+-----------+-----------+------+----------+
        |          |  Latency  | Iteration|  Initiation Interval  | Trip |          |
        | Loop Name| min | max |  Latency |  achieved |   target  | Count| Pipelined|
        +----------+-----+-----+----------+-----------+-----------+------+----------+
        |- Loop 1  |  130|  130|        13|          -|          -|    10|    no    |
        |- Loop 2  |  220|  220|        22|          -|          -|    10|    no    |
        +----------+-----+-----+----------+-----------+-----------+------+----------+

============================================================
+ Verbose Summary: Synthesis Manager
============================================================
InlineROM: 1
ExposeGlobal: 0
============================================================
+ Verbose Summary: CDFG Model
============================================================
IsTopModel: 0
ResetActiveHigh: 1
IsCombinational: 0
IsDatapathOnly: 0
HasWiredReturn: 1
HasMFsm: 0
HasVarLatency: 1
IsPipeline: 0
IsRtlPipelined: 0
IsInstanceOverlapped: 0
IsDontTouch: 0
HasImplIP: 0
IsGatedGlobalClock: 0


============================================================
+ Verbose Summary: Schedule
============================================================
* Number of FSM states : 36
* Pipeline : 0
* Dataflow Pipeline: 0

* FSM state transitions: 
1 --> 2 
2 --> 3 15 
3 --> 4 
4 --> 5 
5 --> 6 
6 --> 7 
7 --> 8 
8 --> 9 
9 --> 10 
10 --> 11 
11 --> 12 
12 --> 13 
13 --> 14 
14 --> 2 
15 --> 16 
16 --> 17 
17 --> 18 
18 --> 19 
19 --> 20 
20 --> 21 
21 --> 22 
22 --> 23 
23 --> 24 
24 --> 25 
25 --> 26 
26 --> 27 
27 --> 28 
28 --> 29 
29 --> 30 
30 --> 31 
31 --> 32 
32 --> 33 
33 --> 34 
34 --> 35 
35 --> 36 
36 --> 15 

* FSM state operations: 

State 1 <SV = 0> <Delay = 1.17>
ST_1 : Operation 37 [1/1] (0.00ns)   --->   "call void (...)* @_ssdm_op_SpecInterface(i16* %pred_V_V, [5 x i8]* @p_str, i32 0, i32 0, [5 x i8]* @p_str2, i32 0, i32 0, [1 x i8]* @p_str3, [1 x i8]* @p_str3, [1 x i8]* @p_str3, i32 0, i32 0, i32 0, i32 0, [1 x i8]* @p_str3, [1 x i8]* @p_str3)"   --->   Operation 37 'specinterface' <Predicate = true> <Delay = 0.00>
ST_1 : Operation 38 [1/1] (1.17ns)   --->   "br label %1" [lib/activ_fun.cpp:15]   --->   Operation 38 'br' <Predicate = true> <Delay = 1.17>

State 2 <SV = 1> <Delay = 1.56>
ST_2 : Operation 39 [1/1] (0.00ns)   --->   "%sum_0 = phi float [ 0.000000e+00, %0 ], [ %sum, %2 ]"   --->   Operation 39 'phi' 'sum_0' <Predicate = true> <Delay = 0.00>
ST_2 : Operation 40 [1/1] (0.00ns)   --->   "%i_0 = phi i4 [ 0, %0 ], [ %i, %2 ]"   --->   Operation 40 'phi' 'i_0' <Predicate = true> <Delay = 0.00>
ST_2 : Operation 41 [1/1] (1.08ns)   --->   "%icmp_ln15 = icmp eq i4 %i_0, -6" [lib/activ_fun.cpp:15]   --->   Operation 41 'icmp' 'icmp_ln15' <Predicate = true> <Delay = 1.08> <Core = "Cmp">   --->   Core 25 'Cmp' <Latency = 0> <II = 1> <Delay = 1.55> <FuncUnit> <Opcode : 'icmp'> <InPorts = 2> <OutPorts = 1>
ST_2 : Operation 42 [1/1] (0.00ns)   --->   "%empty = call i32 (...)* @_ssdm_op_SpecLoopTripCount(i64 10, i64 10, i64 10)"   --->   Operation 42 'speclooptripcount' 'empty' <Predicate = true> <Delay = 0.00>
ST_2 : Operation 43 [1/1] (1.40ns)   --->   "%i = add i4 %i_0, 1" [lib/activ_fun.cpp:15]   --->   Operation 43 'add' 'i' <Predicate = true> <Delay = 1.40> <Core = "AddSub">   --->   Core 14 'AddSub' <Latency = 0> <II = 1> <Delay = 1.63> <FuncUnit> <Opcode : 'add' 'sub'> <InPorts = 2> <OutPorts = 1>
ST_2 : Operation 44 [1/1] (0.00ns)   --->   "br i1 %icmp_ln15, label %.preheader.preheader, label %2" [lib/activ_fun.cpp:15]   --->   Operation 44 'br' <Predicate = true> <Delay = 0.00>
ST_2 : Operation 45 [1/1] (0.00ns)   --->   "%zext_ln17 = zext i4 %i_0 to i64" [lib/activ_fun.cpp:17]   --->   Operation 45 'zext' 'zext_ln17' <Predicate = (!icmp_ln15)> <Delay = 0.00>
ST_2 : Operation 46 [1/1] (0.00ns)   --->   "%dense_array_addr = getelementptr [10 x float]* %dense_array, i64 0, i64 %zext_ln17" [lib/activ_fun.cpp:17]   --->   Operation 46 'getelementptr' 'dense_array_addr' <Predicate = (!icmp_ln15)> <Delay = 0.00>
ST_2 : Operation 47 [2/2] (1.56ns)   --->   "%dense_array_load = load float* %dense_array_addr, align 4" [lib/activ_fun.cpp:17]   --->   Operation 47 'load' 'dense_array_load' <Predicate = (!icmp_ln15)> <Delay = 1.56> <Core = "RAM">   --->   Core 37 'RAM' <Latency = 1> <II = 1> <Delay = 1.56> <Storage> <Opcode : 'load' 'store'> <Ports = 2> <Width = 32> <Depth = 10> <RAM>
ST_2 : Operation 48 [1/1] (1.17ns)   --->   "br label %.preheader" [lib/activ_fun.cpp:20]   --->   Operation 48 'br' <Predicate = (icmp_ln15)> <Delay = 1.17>

State 3 <SV = 2> <Delay = 7.67>
ST_3 : Operation 49 [1/2] (1.56ns)   --->   "%dense_array_load = load float* %dense_array_addr, align 4" [lib/activ_fun.cpp:17]   --->   Operation 49 'load' 'dense_array_load' <Predicate = true> <Delay = 1.56> <Core = "RAM">   --->   Core 37 'RAM' <Latency = 1> <II = 1> <Delay = 1.56> <Storage> <Opcode : 'load' 'store'> <Ports = 2> <Width = 32> <Depth = 10> <RAM>
ST_3 : Operation 50 [8/8] (6.11ns)   --->   "%tmp = call float @llvm.exp.f32(float %dense_array_load)" [lib/activ_fun.cpp:17]   --->   Operation 50 'fexp' 'tmp' <Predicate = true> <Delay = 6.11> <Core = "FExp">   --->   Core 127 'FExp' <Latency = 7> <II = 1> <Delay = 6.11> <FuncUnit> <Opcode : 'fexp'> <InPorts = 1> <OutPorts = 1>

State 4 <SV = 3> <Delay = 6.11>
ST_4 : Operation 51 [7/8] (6.11ns)   --->   "%tmp = call float @llvm.exp.f32(float %dense_array_load)" [lib/activ_fun.cpp:17]   --->   Operation 51 'fexp' 'tmp' <Predicate = true> <Delay = 6.11> <Core = "FExp">   --->   Core 127 'FExp' <Latency = 7> <II = 1> <Delay = 6.11> <FuncUnit> <Opcode : 'fexp'> <InPorts = 1> <OutPorts = 1>

State 5 <SV = 4> <Delay = 6.11>
ST_5 : Operation 52 [6/8] (6.11ns)   --->   "%tmp = call float @llvm.exp.f32(float %dense_array_load)" [lib/activ_fun.cpp:17]   --->   Operation 52 'fexp' 'tmp' <Predicate = true> <Delay = 6.11> <Core = "FExp">   --->   Core 127 'FExp' <Latency = 7> <II = 1> <Delay = 6.11> <FuncUnit> <Opcode : 'fexp'> <InPorts = 1> <OutPorts = 1>

State 6 <SV = 5> <Delay = 6.11>
ST_6 : Operation 53 [5/8] (6.11ns)   --->   "%tmp = call float @llvm.exp.f32(float %dense_array_load)" [lib/activ_fun.cpp:17]   --->   Operation 53 'fexp' 'tmp' <Predicate = true> <Delay = 6.11> <Core = "FExp">   --->   Core 127 'FExp' <Latency = 7> <II = 1> <Delay = 6.11> <FuncUnit> <Opcode : 'fexp'> <InPorts = 1> <OutPorts = 1>

State 7 <SV = 6> <Delay = 6.11>
ST_7 : Operation 54 [4/8] (6.11ns)   --->   "%tmp = call float @llvm.exp.f32(float %dense_array_load)" [lib/activ_fun.cpp:17]   --->   Operation 54 'fexp' 'tmp' <Predicate = true> <Delay = 6.11> <Core = "FExp">   --->   Core 127 'FExp' <Latency = 7> <II = 1> <Delay = 6.11> <FuncUnit> <Opcode : 'fexp'> <InPorts = 1> <OutPorts = 1>

State 8 <SV = 7> <Delay = 6.11>
ST_8 : Operation 55 [3/8] (6.11ns)   --->   "%tmp = call float @llvm.exp.f32(float %dense_array_load)" [lib/activ_fun.cpp:17]   --->   Operation 55 'fexp' 'tmp' <Predicate = true> <Delay = 6.11> <Core = "FExp">   --->   Core 127 'FExp' <Latency = 7> <II = 1> <Delay = 6.11> <FuncUnit> <Opcode : 'fexp'> <InPorts = 1> <OutPorts = 1>

State 9 <SV = 8> <Delay = 6.11>
ST_9 : Operation 56 [2/8] (6.11ns)   --->   "%tmp = call float @llvm.exp.f32(float %dense_array_load)" [lib/activ_fun.cpp:17]   --->   Operation 56 'fexp' 'tmp' <Predicate = true> <Delay = 6.11> <Core = "FExp">   --->   Core 127 'FExp' <Latency = 7> <II = 1> <Delay = 6.11> <FuncUnit> <Opcode : 'fexp'> <InPorts = 1> <OutPorts = 1>

State 10 <SV = 9> <Delay = 6.11>
ST_10 : Operation 57 [1/8] (6.11ns)   --->   "%tmp = call float @llvm.exp.f32(float %dense_array_load)" [lib/activ_fun.cpp:17]   --->   Operation 57 'fexp' 'tmp' <Predicate = true> <Delay = 6.11> <Core = "FExp">   --->   Core 127 'FExp' <Latency = 7> <II = 1> <Delay = 6.11> <FuncUnit> <Opcode : 'fexp'> <InPorts = 1> <OutPorts = 1>

State 11 <SV = 10> <Delay = 7.28>
ST_11 : Operation 58 [4/4] (7.28ns)   --->   "%sum = fadd float %sum_0, %tmp" [lib/activ_fun.cpp:17]   --->   Operation 58 'fadd' 'sum' <Predicate = true> <Delay = 7.28> <Core = "FAddSub">   --->   Core 105 'FAddSub' <Latency = 3> <II = 1> <Delay = 7.28> <FuncUnit> <Opcode : 'fadd' 'fsub'> <InPorts = 2> <OutPorts = 1>

State 12 <SV = 11> <Delay = 7.28>
ST_12 : Operation 59 [3/4] (7.28ns)   --->   "%sum = fadd float %sum_0, %tmp" [lib/activ_fun.cpp:17]   --->   Operation 59 'fadd' 'sum' <Predicate = true> <Delay = 7.28> <Core = "FAddSub">   --->   Core 105 'FAddSub' <Latency = 3> <II = 1> <Delay = 7.28> <FuncUnit> <Opcode : 'fadd' 'fsub'> <InPorts = 2> <OutPorts = 1>

State 13 <SV = 12> <Delay = 7.28>
ST_13 : Operation 60 [2/4] (7.28ns)   --->   "%sum = fadd float %sum_0, %tmp" [lib/activ_fun.cpp:17]   --->   Operation 60 'fadd' 'sum' <Predicate = true> <Delay = 7.28> <Core = "FAddSub">   --->   Core 105 'FAddSub' <Latency = 3> <II = 1> <Delay = 7.28> <FuncUnit> <Opcode : 'fadd' 'fsub'> <InPorts = 2> <OutPorts = 1>

State 14 <SV = 13> <Delay = 7.28>
ST_14 : Operation 61 [1/4] (7.28ns)   --->   "%sum = fadd float %sum_0, %tmp" [lib/activ_fun.cpp:17]   --->   Operation 61 'fadd' 'sum' <Predicate = true> <Delay = 7.28> <Core = "FAddSub">   --->   Core 105 'FAddSub' <Latency = 3> <II = 1> <Delay = 7.28> <FuncUnit> <Opcode : 'fadd' 'fsub'> <InPorts = 2> <OutPorts = 1>
ST_14 : Operation 62 [1/1] (0.00ns)   --->   "br label %1" [lib/activ_fun.cpp:15]   --->   Operation 62 'br' <Predicate = true> <Delay = 0.00>

State 15 <SV = 2> <Delay = 1.56>
ST_15 : Operation 63 [1/1] (0.00ns)   --->   "%j_0 = phi i4 [ %j, %_ifconv ], [ 0, %.preheader.preheader ]"   --->   Operation 63 'phi' 'j_0' <Predicate = true> <Delay = 0.00>
ST_15 : Operation 64 [1/1] (1.08ns)   --->   "%icmp_ln20 = icmp eq i4 %j_0, -6" [lib/activ_fun.cpp:20]   --->   Operation 64 'icmp' 'icmp_ln20' <Predicate = true> <Delay = 1.08> <Core = "Cmp">   --->   Core 25 'Cmp' <Latency = 0> <II = 1> <Delay = 1.55> <FuncUnit> <Opcode : 'icmp'> <InPorts = 2> <OutPorts = 1>
ST_15 : Operation 65 [1/1] (0.00ns)   --->   "%empty_31 = call i32 (...)* @_ssdm_op_SpecLoopTripCount(i64 10, i64 10, i64 10)"   --->   Operation 65 'speclooptripcount' 'empty_31' <Predicate = true> <Delay = 0.00>
ST_15 : Operation 66 [1/1] (1.40ns)   --->   "%j = add i4 %j_0, 1" [lib/activ_fun.cpp:20]   --->   Operation 66 'add' 'j' <Predicate = true> <Delay = 1.40> <Core = "AddSub">   --->   Core 14 'AddSub' <Latency = 0> <II = 1> <Delay = 1.63> <FuncUnit> <Opcode : 'add' 'sub'> <InPorts = 2> <OutPorts = 1>
ST_15 : Operation 67 [1/1] (0.00ns)   --->   "br i1 %icmp_ln20, label %3, label %_ifconv" [lib/activ_fun.cpp:20]   --->   Operation 67 'br' <Predicate = true> <Delay = 0.00>
ST_15 : Operation 68 [1/1] (0.00ns)   --->   "%zext_ln22 = zext i4 %j_0 to i64" [lib/activ_fun.cpp:22]   --->   Operation 68 'zext' 'zext_ln22' <Predicate = (!icmp_ln20)> <Delay = 0.00>
ST_15 : Operation 69 [1/1] (0.00ns)   --->   "%dense_array_addr_1 = getelementptr [10 x float]* %dense_array, i64 0, i64 %zext_ln22" [lib/activ_fun.cpp:22]   --->   Operation 69 'getelementptr' 'dense_array_addr_1' <Predicate = (!icmp_ln20)> <Delay = 0.00>
ST_15 : Operation 70 [2/2] (1.56ns)   --->   "%dense_array_load_1 = load float* %dense_array_addr_1, align 4" [lib/activ_fun.cpp:22]   --->   Operation 70 'load' 'dense_array_load_1' <Predicate = (!icmp_ln20)> <Delay = 1.56> <Core = "RAM">   --->   Core 37 'RAM' <Latency = 1> <II = 1> <Delay = 1.56> <Storage> <Opcode : 'load' 'store'> <Ports = 2> <Width = 32> <Depth = 10> <RAM>
ST_15 : Operation 71 [1/1] (0.00ns)   --->   "ret void" [lib/activ_fun.cpp:25]   --->   Operation 71 'ret' <Predicate = (icmp_ln20)> <Delay = 0.00>

State 16 <SV = 3> <Delay = 7.67>
ST_16 : Operation 72 [1/2] (1.56ns)   --->   "%dense_array_load_1 = load float* %dense_array_addr_1, align 4" [lib/activ_fun.cpp:22]   --->   Operation 72 'load' 'dense_array_load_1' <Predicate = true> <Delay = 1.56> <Core = "RAM">   --->   Core 37 'RAM' <Latency = 1> <II = 1> <Delay = 1.56> <Storage> <Opcode : 'load' 'store'> <Ports = 2> <Width = 32> <Depth = 10> <RAM>
ST_16 : Operation 73 [8/8] (6.11ns)   --->   "%tmp_2 = call float @llvm.exp.f32(float %dense_array_load_1)" [lib/activ_fun.cpp:22]   --->   Operation 73 'fexp' 'tmp_2' <Predicate = true> <Delay = 6.11> <Core = "FExp">   --->   Core 127 'FExp' <Latency = 7> <II = 1> <Delay = 6.11> <FuncUnit> <Opcode : 'fexp'> <InPorts = 1> <OutPorts = 1>

State 17 <SV = 4> <Delay = 6.11>
ST_17 : Operation 74 [7/8] (6.11ns)   --->   "%tmp_2 = call float @llvm.exp.f32(float %dense_array_load_1)" [lib/activ_fun.cpp:22]   --->   Operation 74 'fexp' 'tmp_2' <Predicate = true> <Delay = 6.11> <Core = "FExp">   --->   Core 127 'FExp' <Latency = 7> <II = 1> <Delay = 6.11> <FuncUnit> <Opcode : 'fexp'> <InPorts = 1> <OutPorts = 1>

State 18 <SV = 5> <Delay = 6.11>
ST_18 : Operation 75 [6/8] (6.11ns)   --->   "%tmp_2 = call float @llvm.exp.f32(float %dense_array_load_1)" [lib/activ_fun.cpp:22]   --->   Operation 75 'fexp' 'tmp_2' <Predicate = true> <Delay = 6.11> <Core = "FExp">   --->   Core 127 'FExp' <Latency = 7> <II = 1> <Delay = 6.11> <FuncUnit> <Opcode : 'fexp'> <InPorts = 1> <OutPorts = 1>

State 19 <SV = 6> <Delay = 6.11>
ST_19 : Operation 76 [5/8] (6.11ns)   --->   "%tmp_2 = call float @llvm.exp.f32(float %dense_array_load_1)" [lib/activ_fun.cpp:22]   --->   Operation 76 'fexp' 'tmp_2' <Predicate = true> <Delay = 6.11> <Core = "FExp">   --->   Core 127 'FExp' <Latency = 7> <II = 1> <Delay = 6.11> <FuncUnit> <Opcode : 'fexp'> <InPorts = 1> <OutPorts = 1>

State 20 <SV = 7> <Delay = 6.11>
ST_20 : Operation 77 [4/8] (6.11ns)   --->   "%tmp_2 = call float @llvm.exp.f32(float %dense_array_load_1)" [lib/activ_fun.cpp:22]   --->   Operation 77 'fexp' 'tmp_2' <Predicate = true> <Delay = 6.11> <Core = "FExp">   --->   Core 127 'FExp' <Latency = 7> <II = 1> <Delay = 6.11> <FuncUnit> <Opcode : 'fexp'> <InPorts = 1> <OutPorts = 1>

State 21 <SV = 8> <Delay = 6.11>
ST_21 : Operation 78 [3/8] (6.11ns)   --->   "%tmp_2 = call float @llvm.exp.f32(float %dense_array_load_1)" [lib/activ_fun.cpp:22]   --->   Operation 78 'fexp' 'tmp_2' <Predicate = true> <Delay = 6.11> <Core = "FExp">   --->   Core 127 'FExp' <Latency = 7> <II = 1> <Delay = 6.11> <FuncUnit> <Opcode : 'fexp'> <InPorts = 1> <OutPorts = 1>

State 22 <SV = 9> <Delay = 6.11>
ST_22 : Operation 79 [2/8] (6.11ns)   --->   "%tmp_2 = call float @llvm.exp.f32(float %dense_array_load_1)" [lib/activ_fun.cpp:22]   --->   Operation 79 'fexp' 'tmp_2' <Predicate = true> <Delay = 6.11> <Core = "FExp">   --->   Core 127 'FExp' <Latency = 7> <II = 1> <Delay = 6.11> <FuncUnit> <Opcode : 'fexp'> <InPorts = 1> <OutPorts = 1>

State 23 <SV = 10> <Delay = 6.11>
ST_23 : Operation 80 [1/8] (6.11ns)   --->   "%tmp_2 = call float @llvm.exp.f32(float %dense_array_load_1)" [lib/activ_fun.cpp:22]   --->   Operation 80 'fexp' 'tmp_2' <Predicate = true> <Delay = 6.11> <Core = "FExp">   --->   Core 127 'FExp' <Latency = 7> <II = 1> <Delay = 6.11> <FuncUnit> <Opcode : 'fexp'> <InPorts = 1> <OutPorts = 1>

State 24 <SV = 11> <Delay = 7.84>
ST_24 : Operation 81 [10/10] (7.84ns)   --->   "%v_assign = fdiv float %tmp_2, %sum_0" [lib/activ_fun.cpp:22]   --->   Operation 81 'fdiv' 'v_assign' <Predicate = true> <Delay = 7.84> <Core = "FDiv">   --->   Core 107 'FDiv' <Latency = 9> <II = 1> <Delay = 7.84> <FuncUnit> <Opcode : 'fdiv' 'frem'> <InPorts = 2> <OutPorts = 1>

State 25 <SV = 12> <Delay = 7.84>
ST_25 : Operation 82 [9/10] (7.84ns)   --->   "%v_assign = fdiv float %tmp_2, %sum_0" [lib/activ_fun.cpp:22]   --->   Operation 82 'fdiv' 'v_assign' <Predicate = true> <Delay = 7.84> <Core = "FDiv">   --->   Core 107 'FDiv' <Latency = 9> <II = 1> <Delay = 7.84> <FuncUnit> <Opcode : 'fdiv' 'frem'> <InPorts = 2> <OutPorts = 1>

State 26 <SV = 13> <Delay = 7.84>
ST_26 : Operation 83 [8/10] (7.84ns)   --->   "%v_assign = fdiv float %tmp_2, %sum_0" [lib/activ_fun.cpp:22]   --->   Operation 83 'fdiv' 'v_assign' <Predicate = true> <Delay = 7.84> <Core = "FDiv">   --->   Core 107 'FDiv' <Latency = 9> <II = 1> <Delay = 7.84> <FuncUnit> <Opcode : 'fdiv' 'frem'> <InPorts = 2> <OutPorts = 1>

State 27 <SV = 14> <Delay = 7.84>
ST_27 : Operation 84 [7/10] (7.84ns)   --->   "%v_assign = fdiv float %tmp_2, %sum_0" [lib/activ_fun.cpp:22]   --->   Operation 84 'fdiv' 'v_assign' <Predicate = true> <Delay = 7.84> <Core = "FDiv">   --->   Core 107 'FDiv' <Latency = 9> <II = 1> <Delay = 7.84> <FuncUnit> <Opcode : 'fdiv' 'frem'> <InPorts = 2> <OutPorts = 1>

State 28 <SV = 15> <Delay = 7.84>
ST_28 : Operation 85 [6/10] (7.84ns)   --->   "%v_assign = fdiv float %tmp_2, %sum_0" [lib/activ_fun.cpp:22]   --->   Operation 85 'fdiv' 'v_assign' <Predicate = true> <Delay = 7.84> <Core = "FDiv">   --->   Core 107 'FDiv' <Latency = 9> <II = 1> <Delay = 7.84> <FuncUnit> <Opcode : 'fdiv' 'frem'> <InPorts = 2> <OutPorts = 1>

State 29 <SV = 16> <Delay = 7.84>
ST_29 : Operation 86 [5/10] (7.84ns)   --->   "%v_assign = fdiv float %tmp_2, %sum_0" [lib/activ_fun.cpp:22]   --->   Operation 86 'fdiv' 'v_assign' <Predicate = true> <Delay = 7.84> <Core = "FDiv">   --->   Core 107 'FDiv' <Latency = 9> <II = 1> <Delay = 7.84> <FuncUnit> <Opcode : 'fdiv' 'frem'> <InPorts = 2> <OutPorts = 1>

State 30 <SV = 17> <Delay = 7.84>
ST_30 : Operation 87 [4/10] (7.84ns)   --->   "%v_assign = fdiv float %tmp_2, %sum_0" [lib/activ_fun.cpp:22]   --->   Operation 87 'fdiv' 'v_assign' <Predicate = true> <Delay = 7.84> <Core = "FDiv">   --->   Core 107 'FDiv' <Latency = 9> <II = 1> <Delay = 7.84> <FuncUnit> <Opcode : 'fdiv' 'frem'> <InPorts = 2> <OutPorts = 1>

State 31 <SV = 18> <Delay = 7.84>
ST_31 : Operation 88 [3/10] (7.84ns)   --->   "%v_assign = fdiv float %tmp_2, %sum_0" [lib/activ_fun.cpp:22]   --->   Operation 88 'fdiv' 'v_assign' <Predicate = true> <Delay = 7.84> <Core = "FDiv">   --->   Core 107 'FDiv' <Latency = 9> <II = 1> <Delay = 7.84> <FuncUnit> <Opcode : 'fdiv' 'frem'> <InPorts = 2> <OutPorts = 1>

State 32 <SV = 19> <Delay = 7.84>
ST_32 : Operation 89 [2/10] (7.84ns)   --->   "%v_assign = fdiv float %tmp_2, %sum_0" [lib/activ_fun.cpp:22]   --->   Operation 89 'fdiv' 'v_assign' <Predicate = true> <Delay = 7.84> <Core = "FDiv">   --->   Core 107 'FDiv' <Latency = 9> <II = 1> <Delay = 7.84> <FuncUnit> <Opcode : 'fdiv' 'frem'> <InPorts = 2> <OutPorts = 1>

State 33 <SV = 20> <Delay = 7.84>
ST_33 : Operation 90 [1/10] (7.84ns)   --->   "%v_assign = fdiv float %tmp_2, %sum_0" [lib/activ_fun.cpp:22]   --->   Operation 90 'fdiv' 'v_assign' <Predicate = true> <Delay = 7.84> <Core = "FDiv">   --->   Core 107 'FDiv' <Latency = 9> <II = 1> <Delay = 7.84> <FuncUnit> <Opcode : 'fdiv' 'frem'> <InPorts = 2> <OutPorts = 1>

State 34 <SV = 21> <Delay = 3.04>
ST_34 : Operation 91 [2/2] (3.04ns)   --->   "%d_assign = fpext float %v_assign to double" [lib/activ_fun.cpp:22]   --->   Operation 91 'fpext' 'd_assign' <Predicate = true> <Delay = 3.04> <Core = "Float2Double">   --->   Core 114 'Float2Double' <Latency = 1> <II = 1> <Delay = 3.04> <FuncUnit> <Opcode : 'fpext'> <InPorts = 1> <OutPorts = 1>

State 35 <SV = 22> <Delay = 5.15>
ST_35 : Operation 92 [1/2] (3.04ns)   --->   "%d_assign = fpext float %v_assign to double" [lib/activ_fun.cpp:22]   --->   Operation 92 'fpext' 'd_assign' <Predicate = true> <Delay = 3.04> <Core = "Float2Double">   --->   Core 114 'Float2Double' <Latency = 1> <II = 1> <Delay = 3.04> <FuncUnit> <Opcode : 'fpext'> <InPorts = 1> <OutPorts = 1>
ST_35 : Operation 93 [1/1] (0.00ns)   --->   "%ireg_V = bitcast double %d_assign to i64" [lib/activ_fun.cpp:22]   --->   Operation 93 'bitcast' 'ireg_V' <Predicate = true> <Delay = 0.00>
ST_35 : Operation 94 [1/1] (0.00ns)   --->   "%trunc_ln556 = trunc i64 %ireg_V to i63" [lib/activ_fun.cpp:22]   --->   Operation 94 'trunc' 'trunc_ln556' <Predicate = true> <Delay = 0.00>
ST_35 : Operation 95 [1/1] (0.00ns)   --->   "%p_Result_s = call i1 @_ssdm_op_BitSelect.i1.i64.i32(i64 %ireg_V, i32 63)" [lib/activ_fun.cpp:22]   --->   Operation 95 'bitselect' 'p_Result_s' <Predicate = true> <Delay = 0.00>
ST_35 : Operation 96 [1/1] (0.00ns)   --->   "%exp_tmp_V = call i11 @_ssdm_op_PartSelect.i11.i64.i32.i32(i64 %ireg_V, i32 52, i32 62)" [lib/activ_fun.cpp:22]   --->   Operation 96 'partselect' 'exp_tmp_V' <Predicate = true> <Delay = 0.00>
ST_35 : Operation 97 [1/1] (0.00ns)   --->   "%zext_ln461 = zext i11 %exp_tmp_V to i12" [lib/activ_fun.cpp:22]   --->   Operation 97 'zext' 'zext_ln461' <Predicate = true> <Delay = 0.00>
ST_35 : Operation 98 [1/1] (0.00ns)   --->   "%trunc_ln565 = trunc i64 %ireg_V to i52" [lib/activ_fun.cpp:22]   --->   Operation 98 'trunc' 'trunc_ln565' <Predicate = true> <Delay = 0.00>
ST_35 : Operation 99 [1/1] (2.11ns)   --->   "%icmp_ln571 = icmp eq i63 %trunc_ln556, 0" [lib/activ_fun.cpp:22]   --->   Operation 99 'icmp' 'icmp_ln571' <Predicate = true> <Delay = 2.11> <Core = "Cmp">   --->   Core 25 'Cmp' <Latency = 0> <II = 1> <Delay = 1.55> <FuncUnit> <Opcode : 'icmp'> <InPorts = 2> <OutPorts = 1>
ST_35 : Operation 100 [1/1] (1.63ns)   --->   "%F2 = sub i12 1075, %zext_ln461" [lib/activ_fun.cpp:22]   --->   Operation 100 'sub' 'F2' <Predicate = true> <Delay = 1.63> <Core = "AddSub">   --->   Core 14 'AddSub' <Latency = 0> <II = 1> <Delay = 1.63> <FuncUnit> <Opcode : 'add' 'sub'> <InPorts = 2> <OutPorts = 1>

State 36 <SV = 23> <Delay = 8.11>
ST_36 : Operation 101 [1/1] (0.00ns)   --->   "%tmp_1 = call i53 @_ssdm_op_BitConcatenate.i53.i1.i52(i1 true, i52 %trunc_ln565)" [lib/activ_fun.cpp:22]   --->   Operation 101 'bitconcatenate' 'tmp_1' <Predicate = true> <Delay = 0.00>
ST_36 : Operation 102 [1/1] (0.00ns)   --->   "%p_Result_1 = zext i53 %tmp_1 to i54" [lib/activ_fun.cpp:22]   --->   Operation 102 'zext' 'p_Result_1' <Predicate = true> <Delay = 0.00>
ST_36 : Operation 103 [1/1] (2.42ns)   --->   "%man_V_1 = sub i54 0, %p_Result_1" [lib/activ_fun.cpp:22]   --->   Operation 103 'sub' 'man_V_1' <Predicate = (p_Result_s)> <Delay = 2.42> <Core = "AddSub">   --->   Core 14 'AddSub' <Latency = 0> <II = 1> <Delay = 1.63> <FuncUnit> <Opcode : 'add' 'sub'> <InPorts = 2> <OutPorts = 1>
ST_36 : Operation 104 [1/1] (0.80ns)   --->   "%man_V_2 = select i1 %p_Result_s, i54 %man_V_1, i54 %p_Result_1" [lib/activ_fun.cpp:22]   --->   Operation 104 'select' 'man_V_2' <Predicate = true> <Delay = 0.80> <Core = "Sel">   --->   Core 26 'Sel' <Latency = 0> <II = 1> <Delay = 0.53> <FuncUnit> <Opcode : 'select'> <InPorts = 3> <OutPorts = 1>
ST_36 : Operation 105 [1/1] (1.55ns)   --->   "%icmp_ln581 = icmp sgt i12 %F2, 9" [lib/activ_fun.cpp:22]   --->   Operation 105 'icmp' 'icmp_ln581' <Predicate = true> <Delay = 1.55> <Core = "Cmp">   --->   Core 25 'Cmp' <Latency = 0> <II = 1> <Delay = 1.55> <FuncUnit> <Opcode : 'icmp'> <InPorts = 2> <OutPorts = 1>
ST_36 : Operation 106 [1/1] (1.63ns)   --->   "%add_ln581 = add i12 -9, %F2" [lib/activ_fun.cpp:22]   --->   Operation 106 'add' 'add_ln581' <Predicate = true> <Delay = 1.63> <Core = "AddSub">   --->   Core 14 'AddSub' <Latency = 0> <II = 1> <Delay = 1.63> <FuncUnit> <Opcode : 'add' 'sub'> <InPorts = 2> <OutPorts = 1>
ST_36 : Operation 107 [1/1] (1.63ns)   --->   "%sub_ln581 = sub i12 9, %F2" [lib/activ_fun.cpp:22]   --->   Operation 107 'sub' 'sub_ln581' <Predicate = true> <Delay = 1.63> <Core = "AddSub">   --->   Core 14 'AddSub' <Latency = 0> <II = 1> <Delay = 1.63> <FuncUnit> <Opcode : 'add' 'sub'> <InPorts = 2> <OutPorts = 1>
ST_36 : Operation 108 [1/1] (0.51ns)   --->   "%sh_amt = select i1 %icmp_ln581, i12 %add_ln581, i12 %sub_ln581" [lib/activ_fun.cpp:22]   --->   Operation 108 'select' 'sh_amt' <Predicate = true> <Delay = 0.51> <Core = "Sel">   --->   Core 26 'Sel' <Latency = 0> <II = 1> <Delay = 0.53> <FuncUnit> <Opcode : 'select'> <InPorts = 3> <OutPorts = 1>
ST_36 : Operation 109 [1/1] (0.00ns)   --->   "%sext_ln581 = sext i12 %sh_amt to i32" [lib/activ_fun.cpp:22]   --->   Operation 109 'sext' 'sext_ln581' <Predicate = true> <Delay = 0.00>
ST_36 : Operation 110 [1/1] (1.55ns)   --->   "%icmp_ln582 = icmp eq i12 %F2, 9" [lib/activ_fun.cpp:22]   --->   Operation 110 'icmp' 'icmp_ln582' <Predicate = true> <Delay = 1.55> <Core = "Cmp">   --->   Core 25 'Cmp' <Latency = 0> <II = 1> <Delay = 1.55> <FuncUnit> <Opcode : 'icmp'> <InPorts = 2> <OutPorts = 1>
ST_36 : Operation 111 [1/1] (0.00ns)   --->   "%trunc_ln583 = trunc i54 %man_V_2 to i15" [lib/activ_fun.cpp:22]   --->   Operation 111 'trunc' 'trunc_ln583' <Predicate = true> <Delay = 0.00>
ST_36 : Operation 112 [1/1] (1.55ns)   --->   "%icmp_ln585 = icmp ult i12 %sh_amt, 54" [lib/activ_fun.cpp:22]   --->   Operation 112 'icmp' 'icmp_ln585' <Predicate = true> <Delay = 1.55> <Core = "Cmp">   --->   Core 25 'Cmp' <Latency = 0> <II = 1> <Delay = 1.55> <FuncUnit> <Opcode : 'icmp'> <InPorts = 2> <OutPorts = 1>
ST_36 : Operation 113 [1/1] (1.55ns)   --->   "%icmp_ln603 = icmp ult i12 %sh_amt, 15" [lib/activ_fun.cpp:22]   --->   Operation 113 'icmp' 'icmp_ln603' <Predicate = true> <Delay = 1.55> <Core = "Cmp">   --->   Core 25 'Cmp' <Latency = 0> <II = 1> <Delay = 1.55> <FuncUnit> <Opcode : 'icmp'> <InPorts = 2> <OutPorts = 1>
ST_36 : Operation 114 [1/1] (0.00ns) (grouped into LUT with out node select_ln603)   --->   "%zext_ln586 = zext i32 %sext_ln581 to i54" [lib/activ_fun.cpp:22]   --->   Operation 114 'zext' 'zext_ln586' <Predicate = true> <Delay = 0.00>
ST_36 : Operation 115 [1/1] (0.00ns) (grouped into LUT with out node select_ln603)   --->   "%ashr_ln586 = ashr i54 %man_V_2, %zext_ln586" [lib/activ_fun.cpp:22]   --->   Operation 115 'ashr' 'ashr_ln586' <Predicate = true> <Delay = 0.00> <Core = "Shift">   --->   Core 28 'Shift' <Latency = 0> <II = 1> <Delay = 2.70> <FuncUnit> <Opcode : 'shl' 'lshr' 'ashr'> <InPorts = 2> <OutPorts = 1>
ST_36 : Operation 116 [1/1] (0.00ns) (grouped into LUT with out node select_ln603)   --->   "%trunc_ln586 = trunc i54 %ashr_ln586 to i15" [lib/activ_fun.cpp:22]   --->   Operation 116 'trunc' 'trunc_ln586' <Predicate = true> <Delay = 0.00>
ST_36 : Operation 117 [1/1] (0.00ns) (grouped into LUT with out node select_ln603_1)   --->   "%bitcast_ln696 = bitcast float %v_assign to i32" [lib/activ_fun.cpp:22]   --->   Operation 117 'bitcast' 'bitcast_ln696' <Predicate = true> <Delay = 0.00>
ST_36 : Operation 118 [1/1] (0.00ns) (grouped into LUT with out node select_ln603_1)   --->   "%tmp_4 = call i1 @_ssdm_op_BitSelect.i1.i32.i32(i32 %bitcast_ln696, i32 31)" [lib/activ_fun.cpp:22]   --->   Operation 118 'bitselect' 'tmp_4' <Predicate = true> <Delay = 0.00>
ST_36 : Operation 119 [1/1] (0.00ns) (grouped into LUT with out node select_ln603_1)   --->   "%select_ln588 = select i1 %tmp_4, i15 -1, i15 0" [lib/activ_fun.cpp:22]   --->   Operation 119 'select' 'select_ln588' <Predicate = true> <Delay = 0.00> <Core = "Sel">   --->   Core 26 'Sel' <Latency = 0> <II = 1> <Delay = 0.53> <FuncUnit> <Opcode : 'select'> <InPorts = 3> <OutPorts = 1>
ST_36 : Operation 120 [1/1] (0.00ns) (grouped into LUT with out node select_ln603)   --->   "%sext_ln581cast = trunc i32 %sext_ln581 to i15" [lib/activ_fun.cpp:22]   --->   Operation 120 'trunc' 'sext_ln581cast' <Predicate = true> <Delay = 0.00>
ST_36 : Operation 121 [1/1] (0.00ns) (grouped into LUT with out node select_ln603)   --->   "%shl_ln604 = shl i15 %trunc_ln583, %sext_ln581cast" [lib/activ_fun.cpp:22]   --->   Operation 121 'shl' 'shl_ln604' <Predicate = true> <Delay = 0.00> <Core = "Shift">   --->   Core 28 'Shift' <Latency = 0> <II = 1> <Delay = 2.70> <FuncUnit> <Opcode : 'shl' 'lshr' 'ashr'> <InPorts = 2> <OutPorts = 1>
ST_36 : Operation 122 [1/1] (0.00ns) (grouped into LUT with out node or_ln603_2)   --->   "%xor_ln571 = xor i1 %icmp_ln571, true" [lib/activ_fun.cpp:22]   --->   Operation 122 'xor' 'xor_ln571' <Predicate = true> <Delay = 0.00> <Core = "LogicGate">   --->   Core 27 'LogicGate' <Latency = 0> <II = 1> <Delay = 0.71> <FuncUnit> <Opcode : 'and' 'or' 'xor'> <InPorts = 2> <OutPorts = 1>
ST_36 : Operation 123 [1/1] (0.00ns) (grouped into LUT with out node or_ln603_2)   --->   "%and_ln582 = and i1 %icmp_ln582, %xor_ln571" [lib/activ_fun.cpp:22]   --->   Operation 123 'and' 'and_ln582' <Predicate = true> <Delay = 0.00> <Core = "LogicGate">   --->   Core 27 'LogicGate' <Latency = 0> <II = 1> <Delay = 0.71> <FuncUnit> <Opcode : 'and' 'or' 'xor'> <InPorts = 2> <OutPorts = 1>
ST_36 : Operation 124 [1/1] (0.71ns)   --->   "%or_ln582 = or i1 %icmp_ln571, %icmp_ln582" [lib/activ_fun.cpp:22]   --->   Operation 124 'or' 'or_ln582' <Predicate = true> <Delay = 0.71> <Core = "LogicGate">   --->   Core 27 'LogicGate' <Latency = 0> <II = 1> <Delay = 0.71> <FuncUnit> <Opcode : 'and' 'or' 'xor'> <InPorts = 2> <OutPorts = 1>
ST_36 : Operation 125 [1/1] (0.00ns) (grouped into LUT with out node and_ln581)   --->   "%xor_ln582 = xor i1 %or_ln582, true" [lib/activ_fun.cpp:22]   --->   Operation 125 'xor' 'xor_ln582' <Predicate = true> <Delay = 0.00> <Core = "LogicGate">   --->   Core 27 'LogicGate' <Latency = 0> <II = 1> <Delay = 0.71> <FuncUnit> <Opcode : 'and' 'or' 'xor'> <InPorts = 2> <OutPorts = 1>
ST_36 : Operation 126 [1/1] (0.71ns) (out node of the LUT)   --->   "%and_ln581 = and i1 %icmp_ln581, %xor_ln582" [lib/activ_fun.cpp:22]   --->   Operation 126 'and' 'and_ln581' <Predicate = true> <Delay = 0.71> <Core = "LogicGate">   --->   Core 27 'LogicGate' <Latency = 0> <II = 1> <Delay = 0.71> <FuncUnit> <Opcode : 'and' 'or' 'xor'> <InPorts = 2> <OutPorts = 1>
ST_36 : Operation 127 [1/1] (0.00ns) (grouped into LUT with out node and_ln585)   --->   "%xor_ln585 = xor i1 %icmp_ln585, true" [lib/activ_fun.cpp:22]   --->   Operation 127 'xor' 'xor_ln585' <Predicate = true> <Delay = 0.00> <Core = "LogicGate">   --->   Core 27 'LogicGate' <Latency = 0> <II = 1> <Delay = 0.71> <FuncUnit> <Opcode : 'and' 'or' 'xor'> <InPorts = 2> <OutPorts = 1>
ST_36 : Operation 128 [1/1] (0.71ns) (out node of the LUT)   --->   "%and_ln585 = and i1 %and_ln581, %xor_ln585" [lib/activ_fun.cpp:22]   --->   Operation 128 'and' 'and_ln585' <Predicate = true> <Delay = 0.71> <Core = "LogicGate">   --->   Core 27 'LogicGate' <Latency = 0> <II = 1> <Delay = 0.71> <FuncUnit> <Opcode : 'and' 'or' 'xor'> <InPorts = 2> <OutPorts = 1>
ST_36 : Operation 129 [1/1] (0.00ns) (grouped into LUT with out node or_ln603)   --->   "%and_ln585_1 = and i1 %and_ln581, %icmp_ln585" [lib/activ_fun.cpp:22]   --->   Operation 129 'and' 'and_ln585_1' <Predicate = true> <Delay = 0.00> <Core = "LogicGate">   --->   Core 27 'LogicGate' <Latency = 0> <II = 1> <Delay = 0.71> <FuncUnit> <Opcode : 'and' 'or' 'xor'> <InPorts = 2> <OutPorts = 1>
ST_36 : Operation 130 [1/1] (0.00ns) (grouped into LUT with out node and_ln603)   --->   "%or_ln581 = or i1 %or_ln582, %icmp_ln581" [lib/activ_fun.cpp:22]   --->   Operation 130 'or' 'or_ln581' <Predicate = true> <Delay = 0.00> <Core = "LogicGate">   --->   Core 27 'LogicGate' <Latency = 0> <II = 1> <Delay = 0.71> <FuncUnit> <Opcode : 'and' 'or' 'xor'> <InPorts = 2> <OutPorts = 1>
ST_36 : Operation 131 [1/1] (0.00ns) (grouped into LUT with out node and_ln603)   --->   "%xor_ln581 = xor i1 %or_ln581, true" [lib/activ_fun.cpp:22]   --->   Operation 131 'xor' 'xor_ln581' <Predicate = true> <Delay = 0.00> <Core = "LogicGate">   --->   Core 27 'LogicGate' <Latency = 0> <II = 1> <Delay = 0.71> <FuncUnit> <Opcode : 'and' 'or' 'xor'> <InPorts = 2> <OutPorts = 1>
ST_36 : Operation 132 [1/1] (0.71ns) (out node of the LUT)   --->   "%and_ln603 = and i1 %icmp_ln603, %xor_ln581" [lib/activ_fun.cpp:22]   --->   Operation 132 'and' 'and_ln603' <Predicate = true> <Delay = 0.71> <Core = "LogicGate">   --->   Core 27 'LogicGate' <Latency = 0> <II = 1> <Delay = 0.71> <FuncUnit> <Opcode : 'and' 'or' 'xor'> <InPorts = 2> <OutPorts = 1>
ST_36 : Operation 133 [1/1] (3.16ns) (out node of the LUT)   --->   "%select_ln603 = select i1 %and_ln603, i15 %shl_ln604, i15 %trunc_ln586" [lib/activ_fun.cpp:22]   --->   Operation 133 'select' 'select_ln603' <Predicate = true> <Delay = 3.16> <Core = "Sel">   --->   Core 26 'Sel' <Latency = 0> <II = 1> <Delay = 0.53> <FuncUnit> <Opcode : 'select'> <InPorts = 3> <OutPorts = 1>
ST_36 : Operation 134 [1/1] (0.71ns) (out node of the LUT)   --->   "%or_ln603 = or i1 %and_ln603, %and_ln585_1" [lib/activ_fun.cpp:22]   --->   Operation 134 'or' 'or_ln603' <Predicate = true> <Delay = 0.71> <Core = "LogicGate">   --->   Core 27 'LogicGate' <Latency = 0> <II = 1> <Delay = 0.71> <FuncUnit> <Opcode : 'and' 'or' 'xor'> <InPorts = 2> <OutPorts = 1>
ST_36 : Operation 135 [1/1] (0.72ns) (out node of the LUT)   --->   "%select_ln603_1 = select i1 %and_ln585, i15 %select_ln588, i15 %trunc_ln583" [lib/activ_fun.cpp:22]   --->   Operation 135 'select' 'select_ln603_1' <Predicate = true> <Delay = 0.72> <Core = "Sel">   --->   Core 26 'Sel' <Latency = 0> <II = 1> <Delay = 0.53> <FuncUnit> <Opcode : 'select'> <InPorts = 3> <OutPorts = 1>
ST_36 : Operation 136 [1/1] (0.00ns) (grouped into LUT with out node or_ln603_2)   --->   "%or_ln603_1 = or i1 %and_ln585, %and_ln582" [lib/activ_fun.cpp:22]   --->   Operation 136 'or' 'or_ln603_1' <Predicate = true> <Delay = 0.00> <Core = "LogicGate">   --->   Core 27 'LogicGate' <Latency = 0> <II = 1> <Delay = 0.71> <FuncUnit> <Opcode : 'and' 'or' 'xor'> <InPorts = 2> <OutPorts = 1>
ST_36 : Operation 137 [1/1] (0.00ns) (grouped into LUT with out node tmp_V)   --->   "%select_ln603_2 = select i1 %or_ln603, i15 %select_ln603, i15 %select_ln603_1" [lib/activ_fun.cpp:22]   --->   Operation 137 'select' 'select_ln603_2' <Predicate = true> <Delay = 0.00> <Core = "Sel">   --->   Core 26 'Sel' <Latency = 0> <II = 1> <Delay = 0.53> <FuncUnit> <Opcode : 'select'> <InPorts = 3> <OutPorts = 1>
ST_36 : Operation 138 [1/1] (0.71ns) (out node of the LUT)   --->   "%or_ln603_2 = or i1 %or_ln603, %or_ln603_1" [lib/activ_fun.cpp:22]   --->   Operation 138 'or' 'or_ln603_2' <Predicate = true> <Delay = 0.71> <Core = "LogicGate">   --->   Core 27 'LogicGate' <Latency = 0> <II = 1> <Delay = 0.71> <FuncUnit> <Opcode : 'and' 'or' 'xor'> <InPorts = 2> <OutPorts = 1>
ST_36 : Operation 139 [1/1] (0.53ns) (out node of the LUT)   --->   "%tmp_V = select i1 %or_ln603_2, i15 %select_ln603_2, i15 0" [lib/activ_fun.cpp:22]   --->   Operation 139 'select' 'tmp_V' <Predicate = true> <Delay = 0.53> <Core = "Sel">   --->   Core 26 'Sel' <Latency = 0> <II = 1> <Delay = 0.53> <FuncUnit> <Opcode : 'select'> <InPorts = 3> <OutPorts = 1>
ST_36 : Operation 140 [1/1] (0.00ns)   --->   "%sext_ln163 = sext i15 %tmp_V to i16" [lib/activ_fun.cpp:22]   --->   Operation 140 'sext' 'sext_ln163' <Predicate = true> <Delay = 0.00>
ST_36 : Operation 141 [1/1] (0.00ns)   --->   "call void @_ssdm_op_Write.axis.volatile.i16P(i16* %pred_V_V, i16 %sext_ln163)" [lib/activ_fun.cpp:22]   --->   Operation 141 'write' <Predicate = true> <Delay = 0.00> <Core = "AXI4Stream">   --->   Core 5 'AXI4Stream' <Latency = 0> <II = 1> <Delay = 1.00> <Adapter> <Opcode : >
ST_36 : Operation 142 [1/1] (0.00ns)   --->   "br label %.preheader" [lib/activ_fun.cpp:20]   --->   Operation 142 'br' <Predicate = true> <Delay = 0.00>


============================================================
+ Verbose Summary: Binding
============================================================
STG Binding: 
---------------- STG Properties BEGIN ----------------
- Is combinational: 0
- Is one-state seq: 0
- Is datapath-only: 0
- Is pipelined: 0
- Is top level: 0
Port [ Return ] is wired: 1; IO mode=ap_ctrl_hs:ce=0
Port [ dense_array]:  wired=1; compound=1; hidden=0; nouse=0; global=0; static=0; extern=0; dir=0; type=1; pingpong=0; private_global=0; MemPort=[13]; IO mode=ap_memory:ce=0
Port [ pred_V_V]:  wired=1; compound=1; hidden=0; nouse=0; global=0; static=0; extern=0; dir=1; type=0; pingpong=0; private_global=0; IO mode=axis:ce=0
---------------- STG Properties END ------------------

---------------- Datapath Model BEGIN ----------------

<LifeTime>
<method=bitvector/>
specinterface_ln0  (specinterface    ) [ 0000000000000000000000000000000000000]
br_ln15            (br               ) [ 0111111111111110000000000000000000000]
sum_0              (phi              ) [ 0011111111111111111111111111111111111]
i_0                (phi              ) [ 0010000000000000000000000000000000000]
icmp_ln15          (icmp             ) [ 0011111111111110000000000000000000000]
empty              (speclooptripcount) [ 0000000000000000000000000000000000000]
i                  (add              ) [ 0111111111111110000000000000000000000]
br_ln15            (br               ) [ 0000000000000000000000000000000000000]
zext_ln17          (zext             ) [ 0000000000000000000000000000000000000]
dense_array_addr   (getelementptr    ) [ 0001000000000000000000000000000000000]
br_ln20            (br               ) [ 0011111111111111111111111111111111111]
dense_array_load   (load             ) [ 0000111111100000000000000000000000000]
tmp                (fexp             ) [ 0000000000011110000000000000000000000]
sum                (fadd             ) [ 0111111111111110000000000000000000000]
br_ln15            (br               ) [ 0111111111111110000000000000000000000]
j_0                (phi              ) [ 0000000000000001000000000000000000000]
icmp_ln20          (icmp             ) [ 0000000000000001111111111111111111111]
empty_31           (speclooptripcount) [ 0000000000000000000000000000000000000]
j                  (add              ) [ 0010000000000001111111111111111111111]
br_ln20            (br               ) [ 0000000000000000000000000000000000000]
zext_ln22          (zext             ) [ 0000000000000000000000000000000000000]
dense_array_addr_1 (getelementptr    ) [ 0000000000000000100000000000000000000]
ret_ln25           (ret              ) [ 0000000000000000000000000000000000000]
dense_array_load_1 (load             ) [ 0000000000000000011111110000000000000]
tmp_2              (fexp             ) [ 0000000000000000000000001111111111000]
v_assign           (fdiv             ) [ 0000000000000000000000000000000000111]
d_assign           (fpext            ) [ 0000000000000000000000000000000000000]
ireg_V             (bitcast          ) [ 0000000000000000000000000000000000000]
trunc_ln556        (trunc            ) [ 0000000000000000000000000000000000000]
p_Result_s         (bitselect        ) [ 0000000000000000000000000000000000001]
exp_tmp_V          (partselect       ) [ 0000000000000000000000000000000000000]
zext_ln461         (zext             ) [ 0000000000000000000000000000000000000]
trunc_ln565        (trunc            ) [ 0000000000000000000000000000000000001]
icmp_ln571         (icmp             ) [ 0000000000000000000000000000000000001]
F2                 (sub              ) [ 0000000000000000000000000000000000001]
tmp_1              (bitconcatenate   ) [ 0000000000000000000000000000000000000]
p_Result_1         (zext             ) [ 0000000000000000000000000000000000000]
man_V_1            (sub              ) [ 0000000000000000000000000000000000000]
man_V_2            (select           ) [ 0000000000000000000000000000000000000]
icmp_ln581         (icmp             ) [ 0000000000000000000000000000000000000]
add_ln581          (add              ) [ 0000000000000000000000000000000000000]
sub_ln581          (sub              ) [ 0000000000000000000000000000000000000]
sh_amt             (select           ) [ 0000000000000000000000000000000000000]
sext_ln581         (sext             ) [ 0000000000000000000000000000000000000]
icmp_ln582         (icmp             ) [ 0000000000000000000000000000000000000]
trunc_ln583        (trunc            ) [ 0000000000000000000000000000000000000]
icmp_ln585         (icmp             ) [ 0000000000000000000000000000000000000]
icmp_ln603         (icmp             ) [ 0000000000000000000000000000000000000]
zext_ln586         (zext             ) [ 0000000000000000000000000000000000000]
ashr_ln586         (ashr             ) [ 0000000000000000000000000000000000000]
trunc_ln586        (trunc            ) [ 0000000000000000000000000000000000000]
bitcast_ln696      (bitcast          ) [ 0000000000000000000000000000000000000]
tmp_4              (bitselect        ) [ 0000000000000000000000000000000000000]
select_ln588       (select           ) [ 0000000000000000000000000000000000000]
sext_ln581cast     (trunc            ) [ 0000000000000000000000000000000000000]
shl_ln604          (shl              ) [ 0000000000000000000000000000000000000]
xor_ln571          (xor              ) [ 0000000000000000000000000000000000000]
and_ln582          (and              ) [ 0000000000000000000000000000000000000]
or_ln582           (or               ) [ 0000000000000000000000000000000000000]
xor_ln582          (xor              ) [ 0000000000000000000000000000000000000]
and_ln581          (and              ) [ 0000000000000000000000000000000000000]
xor_ln585          (xor              ) [ 0000000000000000000000000000000000000]
and_ln585          (and              ) [ 0000000000000000000000000000000000000]
and_ln585_1        (and              ) [ 0000000000000000000000000000000000000]
or_ln581           (or               ) [ 0000000000000000000000000000000000000]
xor_ln581          (xor              ) [ 0000000000000000000000000000000000000]
and_ln603          (and              ) [ 0000000000000000000000000000000000000]
select_ln603       (select           ) [ 0000000000000000000000000000000000000]
or_ln603           (or               ) [ 0000000000000000000000000000000000000]
select_ln603_1     (select           ) [ 0000000000000000000000000000000000000]
or_ln603_1         (or               ) [ 0000000000000000000000000000000000000]
select_ln603_2     (select           ) [ 0000000000000000000000000000000000000]
or_ln603_2         (or               ) [ 0000000000000000000000000000000000000]
tmp_V              (select           ) [ 0000000000000000000000000000000000000]
sext_ln163         (sext             ) [ 0000000000000000000000000000000000000]
write_ln22         (write            ) [ 0000000000000000000000000000000000000]
br_ln20            (br               ) [ 0010000000000001111111111111111111111]
</LifeTime>

<model>

<comp_list>
<comp id="0" class="1000" name="dense_array">
<pin_list>
<pin id="1" dir="1" index="0" bw="1" slack="0"/>
</pin_list>
<bind>
<StgValue><ssdm name="dense_array"/><MemPortTyVec>1 3 </MemPortTyVec>
</StgValue>
</bind>
</comp>

<comp id="2" class="1000" name="pred_V_V">
<pin_list>
<pin id="3" dir="1" index="0" bw="1" slack="0"/>
</pin_list>
<bind>
<StgValue><ssdm name="pred_V_V"/></StgValue>
</bind>
</comp>

<comp id="4" class="1001" name="const_4">
<pin_list>
<pin id="5" dir="1" index="0" bw="1" slack="2147483647"/>
</pin_list>
<bind>
<StgValue><ssdm name="_ssdm_op_SpecInterface"/></StgValue>
</bind>
</comp>

<comp id="6" class="1001" name="const_6">
<pin_list>
<pin id="7" dir="1" index="0" bw="1" slack="2147483647"/>
</pin_list>
<bind>
<StgValue><ssdm name="p_str"/></StgValue>
</bind>
</comp>

<comp id="8" class="1001" name="const_8">
<pin_list>
<pin id="9" dir="1" index="0" bw="1" slack="2147483647"/>
</pin_list>
<bind>
<StgValue><ssdm name=""/></StgValue>
</bind>
</comp>

<comp id="10" class="1001" name="const_10">
<pin_list>
<pin id="11" dir="1" index="0" bw="1" slack="2147483647"/>
</pin_list>
<bind>
<StgValue><ssdm name="p_str2"/></StgValue>
</bind>
</comp>

<comp id="12" class="1001" name="const_12">
<pin_list>
<pin id="13" dir="1" index="0" bw="1" slack="2147483647"/>
</pin_list>
<bind>
<StgValue><ssdm name="p_str3"/></StgValue>
</bind>
</comp>

<comp id="14" class="1001" name="const_14">
<pin_list>
<pin id="15" dir="1" index="0" bw="1" slack="1"/>
</pin_list>
<bind>
<StgValue><ssdm name=""/></StgValue>
</bind>
</comp>

<comp id="16" class="1001" name="const_16">
<pin_list>
<pin id="17" dir="1" index="0" bw="1" slack="1"/>
</pin_list>
<bind>
<StgValue><ssdm name=""/></StgValue>
</bind>
</comp>

<comp id="18" class="1001" name="const_18">
<pin_list>
<pin id="19" dir="1" index="0" bw="1" slack="0"/>
</pin_list>
<bind>
<StgValue><ssdm name=""/></StgValue>
</bind>
</comp>

<comp id="20" class="1001" name="const_20">
<pin_list>
<pin id="21" dir="1" index="0" bw="1" slack="2147483647"/>
</pin_list>
<bind>
<StgValue><ssdm name="_ssdm_op_SpecLoopTripCount"/></StgValue>
</bind>
</comp>

<comp id="22" class="1001" name="const_22">
<pin_list>
<pin id="23" dir="1" index="0" bw="1" slack="2147483647"/>
</pin_list>
<bind>
<StgValue><ssdm name=""/></StgValue>
</bind>
</comp>

<comp id="24" class="1001" name="const_24">
<pin_list>
<pin id="25" dir="1" index="0" bw="1" slack="0"/>
</pin_list>
<bind>
<StgValue><ssdm name=""/></StgValue>
</bind>
</comp>

<comp id="26" class="1001" name="const_26">
<pin_list>
<pin id="27" dir="1" index="0" bw="1" slack="0"/>
</pin_list>
<bind>
<StgValue><ssdm name=""/></StgValue>
</bind>
</comp>

<comp id="28" class="1001" name="const_28">
<pin_list>
<pin id="29" dir="1" index="0" bw="1" slack="0"/>
</pin_list>
<bind>
<StgValue><ssdm name="llvm.exp.f32"/></StgValue>
</bind>
</comp>

<comp id="30" class="1001" name="const_30">
<pin_list>
<pin id="31" dir="1" index="0" bw="1" slack="0"/>
</pin_list>
<bind>
<StgValue><ssdm name="_ssdm_op_BitSelect.i1.i64.i32"/></StgValue>
</bind>
</comp>

<comp id="32" class="1001" name="const_32">
<pin_list>
<pin id="33" dir="1" index="0" bw="1" slack="0"/>
</pin_list>
<bind>
<StgValue><ssdm name=""/></StgValue>
</bind>
</comp>

<comp id="34" class="1001" name="const_34">
<pin_list>
<pin id="35" dir="1" index="0" bw="1" slack="0"/>
</pin_list>
<bind>
<StgValue><ssdm name="_ssdm_op_PartSelect.i11.i64.i32.i32"/></StgValue>
</bind>
</comp>

<comp id="36" class="1001" name="const_36">
<pin_list>
<pin id="37" dir="1" index="0" bw="1" slack="0"/>
</pin_list>
<bind>
<StgValue><ssdm name=""/></StgValue>
</bind>
</comp>

<comp id="38" class="1001" name="const_38">
<pin_list>
<pin id="39" dir="1" index="0" bw="1" slack="0"/>
</pin_list>
<bind>
<StgValue><ssdm name=""/></StgValue>
</bind>
</comp>

<comp id="40" class="1001" name="const_40">
<pin_list>
<pin id="41" dir="1" index="0" bw="1" slack="0"/>
</pin_list>
<bind>
<StgValue><ssdm name=""/></StgValue>
</bind>
</comp>

<comp id="42" class="1001" name="const_42">
<pin_list>
<pin id="43" dir="1" index="0" bw="1" slack="0"/>
</pin_list>
<bind>
<StgValue><ssdm name=""/></StgValue>
</bind>
</comp>

<comp id="44" class="1001" name="const_44">
<pin_list>
<pin id="45" dir="1" index="0" bw="1" slack="0"/>
</pin_list>
<bind>
<StgValue><ssdm name="_ssdm_op_BitConcatenate.i53.i1.i52"/></StgValue>
</bind>
</comp>

<comp id="46" class="1001" name="const_46">
<pin_list>
<pin id="47" dir="1" index="0" bw="1" slack="0"/>
</pin_list>
<bind>
<StgValue><ssdm name=""/></StgValue>
</bind>
</comp>

<comp id="48" class="1001" name="const_48">
<pin_list>
<pin id="49" dir="1" index="0" bw="1" slack="0"/>
</pin_list>
<bind>
<StgValue><ssdm name=""/></StgValue>
</bind>
</comp>

<comp id="50" class="1001" name="const_50">
<pin_list>
<pin id="51" dir="1" index="0" bw="1" slack="0"/>
</pin_list>
<bind>
<StgValue><ssdm name=""/></StgValue>
</bind>
</comp>

<comp id="52" class="1001" name="const_52">
<pin_list>
<pin id="53" dir="1" index="0" bw="1" slack="0"/>
</pin_list>
<bind>
<StgValue><ssdm name=""/></StgValue>
</bind>
</comp>

<comp id="54" class="1001" name="const_54">
<pin_list>
<pin id="55" dir="1" index="0" bw="1" slack="0"/>
</pin_list>
<bind>
<StgValue><ssdm name=""/></StgValue>
</bind>
</comp>

<comp id="56" class="1001" name="const_56">
<pin_list>
<pin id="57" dir="1" index="0" bw="1" slack="0"/>
</pin_list>
<bind>
<StgValue><ssdm name=""/></StgValue>
</bind>
</comp>

<comp id="58" class="1001" name="const_58">
<pin_list>
<pin id="59" dir="1" index="0" bw="1" slack="0"/>
</pin_list>
<bind>
<StgValue><ssdm name="_ssdm_op_BitSelect.i1.i32.i32"/></StgValue>
</bind>
</comp>

<comp id="60" class="1001" name="const_60">
<pin_list>
<pin id="61" dir="1" index="0" bw="1" slack="0"/>
</pin_list>
<bind>
<StgValue><ssdm name=""/></StgValue>
</bind>
</comp>

<comp id="62" class="1001" name="const_62">
<pin_list>
<pin id="63" dir="1" index="0" bw="1" slack="0"/>
</pin_list>
<bind>
<StgValue><ssdm name=""/></StgValue>
</bind>
</comp>

<comp id="64" class="1001" name="const_64">
<pin_list>
<pin id="65" dir="1" index="0" bw="1" slack="0"/>
</pin_list>
<bind>
<StgValue><ssdm name=""/></StgValue>
</bind>
</comp>

<comp id="66" class="1001" name="const_66">
<pin_list>
<pin id="67" dir="1" index="0" bw="1" slack="0"/>
</pin_list>
<bind>
<StgValue><ssdm name="_ssdm_op_Write.axis.volatile.i16P"/></StgValue>
</bind>
</comp>

<comp id="68" class="1004" name="write_ln22_write_fu_68">
<pin_list>
<pin id="69" dir="0" index="0" bw="0" slack="0"/>
<pin id="70" dir="0" index="1" bw="16" slack="0"/>
<pin id="71" dir="0" index="2" bw="15" slack="0"/>
<pin id="72" dir="1" index="3" bw="0" slack="2147483647"/>
</pin_list>
<bind>
<opcode="write(1151) " fcode="write"/>
<opset="write_ln22/36 "/>
</bind>
</comp>

<comp id="75" class="1004" name="dense_array_addr_gep_fu_75">
<pin_list>
<pin id="76" dir="0" index="0" bw="32" slack="0"/>
<pin id="77" dir="0" index="1" bw="1" slack="0"/>
<pin id="78" dir="0" index="2" bw="4" slack="0"/>
<pin id="79" dir="1" index="3" bw="4" slack="0"/>
</pin_list>
<bind>
<opcode="getelementptr(29) " fcode="getelementptr"/>
<opset="dense_array_addr/2 "/>
</bind>
</comp>

<comp id="82" class="1004" name="grp_access_fu_82">
<pin_list>
<pin id="83" dir="0" index="0" bw="4" slack="0"/>
<pin id="84" dir="0" index="1" bw="32" slack="2147483647"/>
<pin id="85" dir="0" index="2" bw="0" slack="2147483647"/>
<pin id="86" dir="1" index="3" bw="32" slack="0"/>
</pin_list>
<bind>
<opcode="load(27) " fcode="load"/>
<opset="dense_array_load/2 dense_array_load_1/15 "/>
</bind>
</comp>

<comp id="88" class="1004" name="dense_array_addr_1_gep_fu_88">
<pin_list>
<pin id="89" dir="0" index="0" bw="32" slack="0"/>
<pin id="90" dir="0" index="1" bw="1" slack="0"/>
<pin id="91" dir="0" index="2" bw="4" slack="0"/>
<pin id="92" dir="1" index="3" bw="4" slack="0"/>
</pin_list>
<bind>
<opcode="getelementptr(29) " fcode="getelementptr"/>
<opset="dense_array_addr_1/15 "/>
</bind>
</comp>

<comp id="96" class="1005" name="sum_0_reg_96">
<pin_list>
<pin id="97" dir="0" index="0" bw="32" slack="1"/>
<pin id="98" dir="1" index="1" bw="32" slack="1"/>
</pin_list>
<bind>
<opset="sum_0 (phireg) "/>
</bind>
</comp>

<comp id="100" class="1004" name="sum_0_phi_fu_100">
<pin_list>
<pin id="101" dir="0" index="0" bw="32" slack="1"/>
<pin id="102" dir="0" index="1" bw="0" slack="2147483647"/>
<pin id="103" dir="0" index="2" bw="32" slack="1"/>
<pin id="104" dir="0" index="3" bw="0" slack="2147483647"/>
<pin id="105" dir="1" index="4" bw="32" slack="9"/>
</pin_list>
<bind>
<opcode="phi(47) " fcode="phi"/>
<opset="sum_0/2 "/>
</bind>
</comp>

<comp id="108" class="1005" name="i_0_reg_108">
<pin_list>
<pin id="109" dir="0" index="0" bw="4" slack="1"/>
<pin id="110" dir="1" index="1" bw="4" slack="1"/>
</pin_list>
<bind>
<opset="i_0 (phireg) "/>
</bind>
</comp>

<comp id="112" class="1004" name="i_0_phi_fu_112">
<pin_list>
<pin id="113" dir="0" index="0" bw="1" slack="1"/>
<pin id="114" dir="0" index="1" bw="0" slack="2147483647"/>
<pin id="115" dir="0" index="2" bw="4" slack="0"/>
<pin id="116" dir="0" index="3" bw="0" slack="2147483647"/>
<pin id="117" dir="1" index="4" bw="4" slack="0"/>
</pin_list>
<bind>
<opcode="phi(47) " fcode="phi"/>
<opset="i_0/2 "/>
</bind>
</comp>

<comp id="119" class="1005" name="j_0_reg_119">
<pin_list>
<pin id="120" dir="0" index="0" bw="4" slack="1"/>
<pin id="121" dir="1" index="1" bw="4" slack="1"/>
</pin_list>
<bind>
<opset="j_0 (phireg) "/>
</bind>
</comp>

<comp id="123" class="1004" name="j_0_phi_fu_123">
<pin_list>
<pin id="124" dir="0" index="0" bw="4" slack="0"/>
<pin id="125" dir="0" index="1" bw="0" slack="2147483647"/>
<pin id="126" dir="0" index="2" bw="1" slack="1"/>
<pin id="127" dir="0" index="3" bw="0" slack="2147483647"/>
<pin id="128" dir="1" index="4" bw="4" slack="0"/>
</pin_list>
<bind>
<opcode="phi(47) " fcode="phi"/>
<opset="j_0/15 "/>
</bind>
</comp>

<comp id="130" class="1004" name="grp_fu_130">
<pin_list>
<pin id="131" dir="0" index="0" bw="32" slack="9"/>
<pin id="132" dir="0" index="1" bw="32" slack="1"/>
<pin id="133" dir="1" index="2" bw="32" slack="1"/>
</pin_list>
<bind>
<opcode="fadd(9) " fcode="fadd"/>
<opset="sum/11 "/>
</bind>
</comp>

<comp id="135" class="1004" name="grp_fu_135">
<pin_list>
<pin id="136" dir="0" index="0" bw="32" slack="1"/>
<pin id="137" dir="0" index="1" bw="32" slack="10"/>
<pin id="138" dir="1" index="2" bw="32" slack="1"/>
</pin_list>
<bind>
<opcode="fdiv(16) " fcode="fdiv"/>
<opset="v_assign/24 "/>
</bind>
</comp>

<comp id="140" class="1004" name="grp_fu_140">
<pin_list>
<pin id="141" dir="0" index="0" bw="32" slack="1"/>
<pin id="142" dir="1" index="1" bw="64" slack="0"/>
</pin_list>
<bind>
<opcode="fpext(41) " fcode="fpext"/>
<opset="d_assign/34 "/>
</bind>
</comp>

<comp id="143" class="1004" name="grp_fu_143">
<pin_list>
<pin id="144" dir="0" index="0" bw="32" slack="0"/>
<pin id="145" dir="0" index="1" bw="32" slack="0"/>
<pin id="146" dir="1" index="2" bw="32" slack="1"/>
</pin_list>
<bind>
<opcode="fexp(507) " fcode="fexp"/>
<opset="tmp/3 tmp_2/16 "/>
</bind>
</comp>

<comp id="149" class="1005" name="reg_149">
<pin_list>
<pin id="150" dir="0" index="0" bw="32" slack="1"/>
<pin id="151" dir="1" index="1" bw="32" slack="1"/>
</pin_list>
<bind>
<opset="dense_array_load dense_array_load_1 "/>
</bind>
</comp>

<comp id="154" class="1005" name="reg_154">
<pin_list>
<pin id="155" dir="0" index="0" bw="32" slack="1"/>
<pin id="156" dir="1" index="1" bw="32" slack="1"/>
</pin_list>
<bind>
<opset="tmp tmp_2 "/>
</bind>
</comp>

<comp id="160" class="1004" name="icmp_ln15_fu_160">
<pin_list>
<pin id="161" dir="0" index="0" bw="4" slack="0"/>
<pin id="162" dir="0" index="1" bw="4" slack="0"/>
<pin id="163" dir="1" index="2" bw="1" slack="2147483647"/>
</pin_list>
<bind>
<opcode="icmp(45) " fcode="icmp"/>
<opset="icmp_ln15/2 "/>
</bind>
</comp>

<comp id="166" class="1004" name="i_fu_166">
<pin_list>
<pin id="167" dir="0" index="0" bw="4" slack="0"/>
<pin id="168" dir="0" index="1" bw="1" slack="0"/>
<pin id="169" dir="1" index="2" bw="4" slack="0"/>
</pin_list>
<bind>
<opcode="add(8) " fcode="add"/>
<opset="i/2 "/>
</bind>
</comp>

<comp id="172" class="1004" name="zext_ln17_fu_172">
<pin_list>
<pin id="173" dir="0" index="0" bw="4" slack="0"/>
<pin id="174" dir="1" index="1" bw="64" slack="0"/>
</pin_list>
<bind>
<opcode="zext(34) " fcode="zext"/>
<opset="zext_ln17/2 "/>
</bind>
</comp>

<comp id="177" class="1004" name="icmp_ln20_fu_177">
<pin_list>
<pin id="178" dir="0" index="0" bw="4" slack="0"/>
<pin id="179" dir="0" index="1" bw="4" slack="0"/>
<pin id="180" dir="1" index="2" bw="1" slack="2147483647"/>
</pin_list>
<bind>
<opcode="icmp(45) " fcode="icmp"/>
<opset="icmp_ln20/15 "/>
</bind>
</comp>

<comp id="183" class="1004" name="j_fu_183">
<pin_list>
<pin id="184" dir="0" index="0" bw="4" slack="0"/>
<pin id="185" dir="0" index="1" bw="1" slack="0"/>
<pin id="186" dir="1" index="2" bw="4" slack="0"/>
</pin_list>
<bind>
<opcode="add(8) " fcode="add"/>
<opset="j/15 "/>
</bind>
</comp>

<comp id="189" class="1004" name="zext_ln22_fu_189">
<pin_list>
<pin id="190" dir="0" index="0" bw="4" slack="0"/>
<pin id="191" dir="1" index="1" bw="64" slack="0"/>
</pin_list>
<bind>
<opcode="zext(34) " fcode="zext"/>
<opset="zext_ln22/15 "/>
</bind>
</comp>

<comp id="194" class="1004" name="ireg_V_fu_194">
<pin_list>
<pin id="195" dir="0" index="0" bw="64" slack="0"/>
<pin id="196" dir="1" index="1" bw="64" slack="0"/>
</pin_list>
<bind>
<opcode="bitcast(44) " fcode="bitcast"/>
<opset="ireg_V/35 "/>
</bind>
</comp>

<comp id="198" class="1004" name="trunc_ln556_fu_198">
<pin_list>
<pin id="199" dir="0" index="0" bw="64" slack="0"/>
<pin id="200" dir="1" index="1" bw="63" slack="0"/>
</pin_list>
<bind>
<opcode="trunc(33) " fcode="trunc"/>
<opset="trunc_ln556/35 "/>
</bind>
</comp>

<comp id="202" class="1004" name="p_Result_s_fu_202">
<pin_list>
<pin id="203" dir="0" index="0" bw="1" slack="0"/>
<pin id="204" dir="0" index="1" bw="64" slack="0"/>
<pin id="205" dir="0" index="2" bw="7" slack="0"/>
<pin id="206" dir="1" index="3" bw="1" slack="1"/>
</pin_list>
<bind>
<opcode="bitselect(1000) " fcode="bitselect"/>
<opset="p_Result_s/35 "/>
</bind>
</comp>

<comp id="210" class="1004" name="exp_tmp_V_fu_210">
<pin_list>
<pin id="211" dir="0" index="0" bw="11" slack="0"/>
<pin id="212" dir="0" index="1" bw="64" slack="0"/>
<pin id="213" dir="0" index="2" bw="7" slack="0"/>
<pin id="214" dir="0" index="3" bw="7" slack="0"/>
<pin id="215" dir="1" index="4" bw="11" slack="0"/>
</pin_list>
<bind>
<opcode="partselect(1002) " fcode="partselect"/>
<opset="exp_tmp_V/35 "/>
</bind>
</comp>

<comp id="220" class="1004" name="zext_ln461_fu_220">
<pin_list>
<pin id="221" dir="0" index="0" bw="11" slack="0"/>
<pin id="222" dir="1" index="1" bw="12" slack="0"/>
</pin_list>
<bind>
<opcode="zext(34) " fcode="zext"/>
<opset="zext_ln461/35 "/>
</bind>
</comp>

<comp id="224" class="1004" name="trunc_ln565_fu_224">
<pin_list>
<pin id="225" dir="0" index="0" bw="64" slack="0"/>
<pin id="226" dir="1" index="1" bw="52" slack="1"/>
</pin_list>
<bind>
<opcode="trunc(33) " fcode="trunc"/>
<opset="trunc_ln565/35 "/>
</bind>
</comp>

<comp id="228" class="1004" name="icmp_ln571_fu_228">
<pin_list>
<pin id="229" dir="0" index="0" bw="63" slack="0"/>
<pin id="230" dir="0" index="1" bw="1" slack="0"/>
<pin id="231" dir="1" index="2" bw="1" slack="1"/>
</pin_list>
<bind>
<opcode="icmp(45) " fcode="icmp"/>
<opset="icmp_ln571/35 "/>
</bind>
</comp>

<comp id="234" class="1004" name="F2_fu_234">
<pin_list>
<pin id="235" dir="0" index="0" bw="12" slack="0"/>
<pin id="236" dir="0" index="1" bw="11" slack="0"/>
<pin id="237" dir="1" index="2" bw="12" slack="1"/>
</pin_list>
<bind>
<opcode="sub(10) " fcode="sub"/>
<opset="F2/35 "/>
</bind>
</comp>

<comp id="240" class="1004" name="tmp_1_fu_240">
<pin_list>
<pin id="241" dir="0" index="0" bw="53" slack="0"/>
<pin id="242" dir="0" index="1" bw="1" slack="0"/>
<pin id="243" dir="0" index="2" bw="52" slack="1"/>
<pin id="244" dir="1" index="3" bw="53" slack="0"/>
</pin_list>
<bind>
<opcode="bitconcatenate(1004) " fcode="bitconcatenate"/>
<opset="tmp_1/36 "/>
</bind>
</comp>

<comp id="247" class="1004" name="p_Result_1_fu_247">
<pin_list>
<pin id="248" dir="0" index="0" bw="53" slack="0"/>
<pin id="249" dir="1" index="1" bw="54" slack="0"/>
</pin_list>
<bind>
<opcode="zext(34) " fcode="zext"/>
<opset="p_Result_1/36 "/>
</bind>
</comp>

<comp id="251" class="1004" name="man_V_1_fu_251">
<pin_list>
<pin id="252" dir="0" index="0" bw="1" slack="0"/>
<pin id="253" dir="0" index="1" bw="53" slack="0"/>
<pin id="254" dir="1" index="2" bw="54" slack="0"/>
</pin_list>
<bind>
<opcode="sub(10) " fcode="sub"/>
<opset="man_V_1/36 "/>
</bind>
</comp>

<comp id="257" class="1004" name="man_V_2_fu_257">
<pin_list>
<pin id="258" dir="0" index="0" bw="1" slack="1"/>
<pin id="259" dir="0" index="1" bw="54" slack="0"/>
<pin id="260" dir="0" index="2" bw="53" slack="0"/>
<pin id="261" dir="1" index="3" bw="54" slack="0"/>
</pin_list>
<bind>
<opcode="select(49) " fcode="select"/>
<opset="man_V_2/36 "/>
</bind>
</comp>

<comp id="264" class="1004" name="icmp_ln581_fu_264">
<pin_list>
<pin id="265" dir="0" index="0" bw="12" slack="1"/>
<pin id="266" dir="0" index="1" bw="5" slack="0"/>
<pin id="267" dir="1" index="2" bw="1" slack="0"/>
</pin_list>
<bind>
<opcode="icmp(45) " fcode="icmp"/>
<opset="icmp_ln581/36 "/>
</bind>
</comp>

<comp id="269" class="1004" name="add_ln581_fu_269">
<pin_list>
<pin id="270" dir="0" index="0" bw="5" slack="0"/>
<pin id="271" dir="0" index="1" bw="12" slack="1"/>
<pin id="272" dir="1" index="2" bw="12" slack="0"/>
</pin_list>
<bind>
<opcode="add(8) " fcode="add"/>
<opset="add_ln581/36 "/>
</bind>
</comp>

<comp id="274" class="1004" name="sub_ln581_fu_274">
<pin_list>
<pin id="275" dir="0" index="0" bw="5" slack="0"/>
<pin id="276" dir="0" index="1" bw="12" slack="1"/>
<pin id="277" dir="1" index="2" bw="12" slack="0"/>
</pin_list>
<bind>
<opcode="sub(10) " fcode="sub"/>
<opset="sub_ln581/36 "/>
</bind>
</comp>

<comp id="279" class="1004" name="sh_amt_fu_279">
<pin_list>
<pin id="280" dir="0" index="0" bw="1" slack="0"/>
<pin id="281" dir="0" index="1" bw="12" slack="0"/>
<pin id="282" dir="0" index="2" bw="12" slack="0"/>
<pin id="283" dir="1" index="3" bw="12" slack="0"/>
</pin_list>
<bind>
<opcode="select(49) " fcode="select"/>
<opset="sh_amt/36 "/>
</bind>
</comp>

<comp id="287" class="1004" name="sext_ln581_fu_287">
<pin_list>
<pin id="288" dir="0" index="0" bw="12" slack="0"/>
<pin id="289" dir="1" index="1" bw="32" slack="0"/>
</pin_list>
<bind>
<opcode="sext(35) " fcode="sext"/>
<opset="sext_ln581/36 "/>
</bind>
</comp>

<comp id="291" class="1004" name="icmp_ln582_fu_291">
<pin_list>
<pin id="292" dir="0" index="0" bw="12" slack="1"/>
<pin id="293" dir="0" index="1" bw="5" slack="0"/>
<pin id="294" dir="1" index="2" bw="1" slack="0"/>
</pin_list>
<bind>
<opcode="icmp(45) " fcode="icmp"/>
<opset="icmp_ln582/36 "/>
</bind>
</comp>

<comp id="296" class="1004" name="trunc_ln583_fu_296">
<pin_list>
<pin id="297" dir="0" index="0" bw="54" slack="0"/>
<pin id="298" dir="1" index="1" bw="15" slack="0"/>
</pin_list>
<bind>
<opcode="trunc(33) " fcode="trunc"/>
<opset="trunc_ln583/36 "/>
</bind>
</comp>

<comp id="300" class="1004" name="icmp_ln585_fu_300">
<pin_list>
<pin id="301" dir="0" index="0" bw="12" slack="0"/>
<pin id="302" dir="0" index="1" bw="7" slack="0"/>
<pin id="303" dir="1" index="2" bw="1" slack="0"/>
</pin_list>
<bind>
<opcode="icmp(45) " fcode="icmp"/>
<opset="icmp_ln585/36 "/>
</bind>
</comp>

<comp id="306" class="1004" name="icmp_ln603_fu_306">
<pin_list>
<pin id="307" dir="0" index="0" bw="12" slack="0"/>
<pin id="308" dir="0" index="1" bw="5" slack="0"/>
<pin id="309" dir="1" index="2" bw="1" slack="0"/>
</pin_list>
<bind>
<opcode="icmp(45) " fcode="icmp"/>
<opset="icmp_ln603/36 "/>
</bind>
</comp>

<comp id="312" class="1004" name="zext_ln586_fu_312">
<pin_list>
<pin id="313" dir="0" index="0" bw="12" slack="0"/>
<pin id="314" dir="1" index="1" bw="54" slack="0"/>
</pin_list>
<bind>
<opcode="zext(34) " fcode="zext"/>
<opset="zext_ln586/36 "/>
</bind>
</comp>

<comp id="316" class="1004" name="ashr_ln586_fu_316">
<pin_list>
<pin id="317" dir="0" index="0" bw="54" slack="0"/>
<pin id="318" dir="0" index="1" bw="32" slack="0"/>
<pin id="319" dir="1" index="2" bw="54" slack="0"/>
</pin_list>
<bind>
<opcode="ashr(22) " fcode="ashr"/>
<opset="ashr_ln586/36 "/>
</bind>
</comp>

<comp id="322" class="1004" name="trunc_ln586_fu_322">
<pin_list>
<pin id="323" dir="0" index="0" bw="54" slack="0"/>
<pin id="324" dir="1" index="1" bw="15" slack="0"/>
</pin_list>
<bind>
<opcode="trunc(33) " fcode="trunc"/>
<opset="trunc_ln586/36 "/>
</bind>
</comp>

<comp id="326" class="1004" name="bitcast_ln696_fu_326">
<pin_list>
<pin id="327" dir="0" index="0" bw="32" slack="3"/>
<pin id="328" dir="1" index="1" bw="32" slack="0"/>
</pin_list>
<bind>
<opcode="bitcast(44) " fcode="bitcast"/>
<opset="bitcast_ln696/36 "/>
</bind>
</comp>

<comp id="329" class="1004" name="tmp_4_fu_329">
<pin_list>
<pin id="330" dir="0" index="0" bw="1" slack="0"/>
<pin id="331" dir="0" index="1" bw="32" slack="0"/>
<pin id="332" dir="0" index="2" bw="6" slack="0"/>
<pin id="333" dir="1" index="3" bw="1" slack="0"/>
</pin_list>
<bind>
<opcode="bitselect(1000) " fcode="bitselect"/>
<opset="tmp_4/36 "/>
</bind>
</comp>

<comp id="337" class="1004" name="select_ln588_fu_337">
<pin_list>
<pin id="338" dir="0" index="0" bw="1" slack="0"/>
<pin id="339" dir="0" index="1" bw="1" slack="0"/>
<pin id="340" dir="0" index="2" bw="1" slack="0"/>
<pin id="341" dir="1" index="3" bw="15" slack="0"/>
</pin_list>
<bind>
<opcode="select(49) " fcode="select"/>
<opset="select_ln588/36 "/>
</bind>
</comp>

<comp id="345" class="1004" name="sext_ln581cast_fu_345">
<pin_list>
<pin id="346" dir="0" index="0" bw="12" slack="0"/>
<pin id="347" dir="1" index="1" bw="15" slack="0"/>
</pin_list>
<bind>
<opcode="trunc(33) " fcode="trunc"/>
<opset="sext_ln581cast/36 "/>
</bind>
</comp>

<comp id="349" class="1004" name="shl_ln604_fu_349">
<pin_list>
<pin id="350" dir="0" index="0" bw="15" slack="0"/>
<pin id="351" dir="0" index="1" bw="15" slack="0"/>
<pin id="352" dir="1" index="2" bw="15" slack="0"/>
</pin_list>
<bind>
<opcode="shl(20) " fcode="shl"/>
<opset="shl_ln604/36 "/>
</bind>
</comp>

<comp id="355" class="1004" name="xor_ln571_fu_355">
<pin_list>
<pin id="356" dir="0" index="0" bw="1" slack="1"/>
<pin id="357" dir="0" index="1" bw="1" slack="0"/>
<pin id="358" dir="1" index="2" bw="1" slack="0"/>
</pin_list>
<bind>
<opcode="xor(25) " fcode="xor"/>
<opset="xor_ln571/36 "/>
</bind>
</comp>

<comp id="360" class="1004" name="and_ln582_fu_360">
<pin_list>
<pin id="361" dir="0" index="0" bw="1" slack="0"/>
<pin id="362" dir="0" index="1" bw="1" slack="0"/>
<pin id="363" dir="1" index="2" bw="1" slack="0"/>
</pin_list>
<bind>
<opcode="and(23) " fcode="and"/>
<opset="and_ln582/36 "/>
</bind>
</comp>

<comp id="366" class="1004" name="or_ln582_fu_366">
<pin_list>
<pin id="367" dir="0" index="0" bw="1" slack="1"/>
<pin id="368" dir="0" index="1" bw="1" slack="0"/>
<pin id="369" dir="1" index="2" bw="1" slack="0"/>
</pin_list>
<bind>
<opcode="or(24) " fcode="or"/>
<opset="or_ln582/36 "/>
</bind>
</comp>

<comp id="371" class="1004" name="xor_ln582_fu_371">
<pin_list>
<pin id="372" dir="0" index="0" bw="1" slack="0"/>
<pin id="373" dir="0" index="1" bw="1" slack="0"/>
<pin id="374" dir="1" index="2" bw="1" slack="0"/>
</pin_list>
<bind>
<opcode="xor(25) " fcode="xor"/>
<opset="xor_ln582/36 "/>
</bind>
</comp>

<comp id="377" class="1004" name="and_ln581_fu_377">
<pin_list>
<pin id="378" dir="0" index="0" bw="1" slack="0"/>
<pin id="379" dir="0" index="1" bw="1" slack="0"/>
<pin id="380" dir="1" index="2" bw="1" slack="0"/>
</pin_list>
<bind>
<opcode="and(23) " fcode="and"/>
<opset="and_ln581/36 "/>
</bind>
</comp>

<comp id="383" class="1004" name="xor_ln585_fu_383">
<pin_list>
<pin id="384" dir="0" index="0" bw="1" slack="0"/>
<pin id="385" dir="0" index="1" bw="1" slack="0"/>
<pin id="386" dir="1" index="2" bw="1" slack="0"/>
</pin_list>
<bind>
<opcode="xor(25) " fcode="xor"/>
<opset="xor_ln585/36 "/>
</bind>
</comp>

<comp id="389" class="1004" name="and_ln585_fu_389">
<pin_list>
<pin id="390" dir="0" index="0" bw="1" slack="0"/>
<pin id="391" dir="0" index="1" bw="1" slack="0"/>
<pin id="392" dir="1" index="2" bw="1" slack="0"/>
</pin_list>
<bind>
<opcode="and(23) " fcode="and"/>
<opset="and_ln585/36 "/>
</bind>
</comp>

<comp id="395" class="1004" name="and_ln585_1_fu_395">
<pin_list>
<pin id="396" dir="0" index="0" bw="1" slack="0"/>
<pin id="397" dir="0" index="1" bw="1" slack="0"/>
<pin id="398" dir="1" index="2" bw="1" slack="0"/>
</pin_list>
<bind>
<opcode="and(23) " fcode="and"/>
<opset="and_ln585_1/36 "/>
</bind>
</comp>

<comp id="401" class="1004" name="or_ln581_fu_401">
<pin_list>
<pin id="402" dir="0" index="0" bw="1" slack="0"/>
<pin id="403" dir="0" index="1" bw="1" slack="0"/>
<pin id="404" dir="1" index="2" bw="1" slack="0"/>
</pin_list>
<bind>
<opcode="or(24) " fcode="or"/>
<opset="or_ln581/36 "/>
</bind>
</comp>

<comp id="407" class="1004" name="xor_ln581_fu_407">
<pin_list>
<pin id="408" dir="0" index="0" bw="1" slack="0"/>
<pin id="409" dir="0" index="1" bw="1" slack="0"/>
<pin id="410" dir="1" index="2" bw="1" slack="0"/>
</pin_list>
<bind>
<opcode="xor(25) " fcode="xor"/>
<opset="xor_ln581/36 "/>
</bind>
</comp>

<comp id="413" class="1004" name="and_ln603_fu_413">
<pin_list>
<pin id="414" dir="0" index="0" bw="1" slack="0"/>
<pin id="415" dir="0" index="1" bw="1" slack="0"/>
<pin id="416" dir="1" index="2" bw="1" slack="0"/>
</pin_list>
<bind>
<opcode="and(23) " fcode="and"/>
<opset="and_ln603/36 "/>
</bind>
</comp>

<comp id="419" class="1004" name="select_ln603_fu_419">
<pin_list>
<pin id="420" dir="0" index="0" bw="1" slack="0"/>
<pin id="421" dir="0" index="1" bw="15" slack="0"/>
<pin id="422" dir="0" index="2" bw="15" slack="0"/>
<pin id="423" dir="1" index="3" bw="15" slack="0"/>
</pin_list>
<bind>
<opcode="select(49) " fcode="select"/>
<opset="select_ln603/36 "/>
</bind>
</comp>

<comp id="427" class="1004" name="or_ln603_fu_427">
<pin_list>
<pin id="428" dir="0" index="0" bw="1" slack="0"/>
<pin id="429" dir="0" index="1" bw="1" slack="0"/>
<pin id="430" dir="1" index="2" bw="1" slack="0"/>
</pin_list>
<bind>
<opcode="or(24) " fcode="or"/>
<opset="or_ln603/36 "/>
</bind>
</comp>

<comp id="433" class="1004" name="select_ln603_1_fu_433">
<pin_list>
<pin id="434" dir="0" index="0" bw="1" slack="0"/>
<pin id="435" dir="0" index="1" bw="15" slack="0"/>
<pin id="436" dir="0" index="2" bw="15" slack="0"/>
<pin id="437" dir="1" index="3" bw="15" slack="0"/>
</pin_list>
<bind>
<opcode="select(49) " fcode="select"/>
<opset="select_ln603_1/36 "/>
</bind>
</comp>

<comp id="441" class="1004" name="or_ln603_1_fu_441">
<pin_list>
<pin id="442" dir="0" index="0" bw="1" slack="0"/>
<pin id="443" dir="0" index="1" bw="1" slack="0"/>
<pin id="444" dir="1" index="2" bw="1" slack="0"/>
</pin_list>
<bind>
<opcode="or(24) " fcode="or"/>
<opset="or_ln603_1/36 "/>
</bind>
</comp>

<comp id="447" class="1004" name="select_ln603_2_fu_447">
<pin_list>
<pin id="448" dir="0" index="0" bw="1" slack="0"/>
<pin id="449" dir="0" index="1" bw="15" slack="0"/>
<pin id="450" dir="0" index="2" bw="15" slack="0"/>
<pin id="451" dir="1" index="3" bw="15" slack="0"/>
</pin_list>
<bind>
<opcode="select(49) " fcode="select"/>
<opset="select_ln603_2/36 "/>
</bind>
</comp>

<comp id="455" class="1004" name="or_ln603_2_fu_455">
<pin_list>
<pin id="456" dir="0" index="0" bw="1" slack="0"/>
<pin id="457" dir="0" index="1" bw="1" slack="0"/>
<pin id="458" dir="1" index="2" bw="1" slack="0"/>
</pin_list>
<bind>
<opcode="or(24) " fcode="or"/>
<opset="or_ln603_2/36 "/>
</bind>
</comp>

<comp id="461" class="1004" name="tmp_V_fu_461">
<pin_list>
<pin id="462" dir="0" index="0" bw="1" slack="0"/>
<pin id="463" dir="0" index="1" bw="15" slack="0"/>
<pin id="464" dir="0" index="2" bw="1" slack="0"/>
<pin id="465" dir="1" index="3" bw="15" slack="0"/>
</pin_list>
<bind>
<opcode="select(49) " fcode="select"/>
<opset="tmp_V/36 "/>
</bind>
</comp>

<comp id="469" class="1004" name="sext_ln163_fu_469">
<pin_list>
<pin id="470" dir="0" index="0" bw="15" slack="0"/>
<pin id="471" dir="1" index="1" bw="16" slack="0"/>
</pin_list>
<bind>
<opcode="sext(35) " fcode="sext"/>
<opset="sext_ln163/36 "/>
</bind>
</comp>

<comp id="477" class="1005" name="i_reg_477">
<pin_list>
<pin id="478" dir="0" index="0" bw="4" slack="0"/>
<pin id="479" dir="1" index="1" bw="4" slack="0"/>
</pin_list>
<bind>
<opset="i "/>
</bind>
</comp>

<comp id="482" class="1005" name="dense_array_addr_reg_482">
<pin_list>
<pin id="483" dir="0" index="0" bw="4" slack="1"/>
<pin id="484" dir="1" index="1" bw="4" slack="1"/>
</pin_list>
<bind>
<opset="dense_array_addr "/>
</bind>
</comp>

<comp id="487" class="1005" name="sum_reg_487">
<pin_list>
<pin id="488" dir="0" index="0" bw="32" slack="1"/>
<pin id="489" dir="1" index="1" bw="32" slack="1"/>
</pin_list>
<bind>
<opset="sum "/>
</bind>
</comp>

<comp id="495" class="1005" name="j_reg_495">
<pin_list>
<pin id="496" dir="0" index="0" bw="4" slack="0"/>
<pin id="497" dir="1" index="1" bw="4" slack="0"/>
</pin_list>
<bind>
<opset="j "/>
</bind>
</comp>

<comp id="500" class="1005" name="dense_array_addr_1_reg_500">
<pin_list>
<pin id="501" dir="0" index="0" bw="4" slack="1"/>
<pin id="502" dir="1" index="1" bw="4" slack="1"/>
</pin_list>
<bind>
<opset="dense_array_addr_1 "/>
</bind>
</comp>

<comp id="505" class="1005" name="v_assign_reg_505">
<pin_list>
<pin id="506" dir="0" index="0" bw="32" slack="1"/>
<pin id="507" dir="1" index="1" bw="32" slack="1"/>
</pin_list>
<bind>
<opset="v_assign "/>
</bind>
</comp>

<comp id="511" class="1005" name="p_Result_s_reg_511">
<pin_list>
<pin id="512" dir="0" index="0" bw="1" slack="1"/>
<pin id="513" dir="1" index="1" bw="1" slack="1"/>
</pin_list>
<bind>
<opset="p_Result_s "/>
</bind>
</comp>

<comp id="516" class="1005" name="trunc_ln565_reg_516">
<pin_list>
<pin id="517" dir="0" index="0" bw="52" slack="1"/>
<pin id="518" dir="1" index="1" bw="52" slack="1"/>
</pin_list>
<bind>
<opset="trunc_ln565 "/>
</bind>
</comp>

<comp id="521" class="1005" name="icmp_ln571_reg_521">
<pin_list>
<pin id="522" dir="0" index="0" bw="1" slack="1"/>
<pin id="523" dir="1" index="1" bw="1" slack="1"/>
</pin_list>
<bind>
<opset="icmp_ln571 "/>
</bind>
</comp>

<comp id="527" class="1005" name="F2_reg_527">
<pin_list>
<pin id="528" dir="0" index="0" bw="12" slack="1"/>
<pin id="529" dir="1" index="1" bw="12" slack="1"/>
</pin_list>
<bind>
<opset="F2 "/>
</bind>
</comp>

</comp_list>

<net_list>
<net id="73"><net_src comp="66" pin="0"/><net_sink comp="68" pin=0"/></net>

<net id="74"><net_src comp="2" pin="0"/><net_sink comp="68" pin=1"/></net>

<net id="80"><net_src comp="0" pin="0"/><net_sink comp="75" pin=0"/></net>

<net id="81"><net_src comp="26" pin="0"/><net_sink comp="75" pin=1"/></net>

<net id="87"><net_src comp="75" pin="3"/><net_sink comp="82" pin=0"/></net>

<net id="93"><net_src comp="0" pin="0"/><net_sink comp="88" pin=0"/></net>

<net id="94"><net_src comp="26" pin="0"/><net_sink comp="88" pin=1"/></net>

<net id="95"><net_src comp="88" pin="3"/><net_sink comp="82" pin=0"/></net>

<net id="99"><net_src comp="14" pin="0"/><net_sink comp="96" pin=0"/></net>

<net id="106"><net_src comp="96" pin="1"/><net_sink comp="100" pin=0"/></net>

<net id="107"><net_src comp="100" pin="4"/><net_sink comp="96" pin=0"/></net>

<net id="111"><net_src comp="16" pin="0"/><net_sink comp="108" pin=0"/></net>

<net id="118"><net_src comp="108" pin="1"/><net_sink comp="112" pin=0"/></net>

<net id="122"><net_src comp="16" pin="0"/><net_sink comp="119" pin=0"/></net>

<net id="129"><net_src comp="119" pin="1"/><net_sink comp="123" pin=2"/></net>

<net id="134"><net_src comp="96" pin="1"/><net_sink comp="130" pin=0"/></net>

<net id="139"><net_src comp="96" pin="1"/><net_sink comp="135" pin=1"/></net>

<net id="147"><net_src comp="28" pin="0"/><net_sink comp="143" pin=0"/></net>

<net id="148"><net_src comp="82" pin="3"/><net_sink comp="143" pin=1"/></net>

<net id="152"><net_src comp="82" pin="3"/><net_sink comp="149" pin=0"/></net>

<net id="153"><net_src comp="149" pin="1"/><net_sink comp="143" pin=1"/></net>

<net id="157"><net_src comp="143" pin="2"/><net_sink comp="154" pin=0"/></net>

<net id="158"><net_src comp="154" pin="1"/><net_sink comp="130" pin=1"/></net>

<net id="159"><net_src comp="154" pin="1"/><net_sink comp="135" pin=0"/></net>

<net id="164"><net_src comp="112" pin="4"/><net_sink comp="160" pin=0"/></net>

<net id="165"><net_src comp="18" pin="0"/><net_sink comp="160" pin=1"/></net>

<net id="170"><net_src comp="112" pin="4"/><net_sink comp="166" pin=0"/></net>

<net id="171"><net_src comp="24" pin="0"/><net_sink comp="166" pin=1"/></net>

<net id="175"><net_src comp="112" pin="4"/><net_sink comp="172" pin=0"/></net>

<net id="176"><net_src comp="172" pin="1"/><net_sink comp="75" pin=2"/></net>

<net id="181"><net_src comp="123" pin="4"/><net_sink comp="177" pin=0"/></net>

<net id="182"><net_src comp="18" pin="0"/><net_sink comp="177" pin=1"/></net>

<net id="187"><net_src comp="123" pin="4"/><net_sink comp="183" pin=0"/></net>

<net id="188"><net_src comp="24" pin="0"/><net_sink comp="183" pin=1"/></net>

<net id="192"><net_src comp="123" pin="4"/><net_sink comp="189" pin=0"/></net>

<net id="193"><net_src comp="189" pin="1"/><net_sink comp="88" pin=2"/></net>

<net id="197"><net_src comp="140" pin="1"/><net_sink comp="194" pin=0"/></net>

<net id="201"><net_src comp="194" pin="1"/><net_sink comp="198" pin=0"/></net>

<net id="207"><net_src comp="30" pin="0"/><net_sink comp="202" pin=0"/></net>

<net id="208"><net_src comp="194" pin="1"/><net_sink comp="202" pin=1"/></net>

<net id="209"><net_src comp="32" pin="0"/><net_sink comp="202" pin=2"/></net>

<net id="216"><net_src comp="34" pin="0"/><net_sink comp="210" pin=0"/></net>

<net id="217"><net_src comp="194" pin="1"/><net_sink comp="210" pin=1"/></net>

<net id="218"><net_src comp="36" pin="0"/><net_sink comp="210" pin=2"/></net>

<net id="219"><net_src comp="38" pin="0"/><net_sink comp="210" pin=3"/></net>

<net id="223"><net_src comp="210" pin="4"/><net_sink comp="220" pin=0"/></net>

<net id="227"><net_src comp="194" pin="1"/><net_sink comp="224" pin=0"/></net>

<net id="232"><net_src comp="198" pin="1"/><net_sink comp="228" pin=0"/></net>

<net id="233"><net_src comp="40" pin="0"/><net_sink comp="228" pin=1"/></net>

<net id="238"><net_src comp="42" pin="0"/><net_sink comp="234" pin=0"/></net>

<net id="239"><net_src comp="220" pin="1"/><net_sink comp="234" pin=1"/></net>

<net id="245"><net_src comp="44" pin="0"/><net_sink comp="240" pin=0"/></net>

<net id="246"><net_src comp="46" pin="0"/><net_sink comp="240" pin=1"/></net>

<net id="250"><net_src comp="240" pin="3"/><net_sink comp="247" pin=0"/></net>

<net id="255"><net_src comp="48" pin="0"/><net_sink comp="251" pin=0"/></net>

<net id="256"><net_src comp="247" pin="1"/><net_sink comp="251" pin=1"/></net>

<net id="262"><net_src comp="251" pin="2"/><net_sink comp="257" pin=1"/></net>

<net id="263"><net_src comp="247" pin="1"/><net_sink comp="257" pin=2"/></net>

<net id="268"><net_src comp="50" pin="0"/><net_sink comp="264" pin=1"/></net>

<net id="273"><net_src comp="52" pin="0"/><net_sink comp="269" pin=0"/></net>

<net id="278"><net_src comp="50" pin="0"/><net_sink comp="274" pin=0"/></net>

<net id="284"><net_src comp="264" pin="2"/><net_sink comp="279" pin=0"/></net>

<net id="285"><net_src comp="269" pin="2"/><net_sink comp="279" pin=1"/></net>

<net id="286"><net_src comp="274" pin="2"/><net_sink comp="279" pin=2"/></net>

<net id="290"><net_src comp="279" pin="3"/><net_sink comp="287" pin=0"/></net>

<net id="295"><net_src comp="50" pin="0"/><net_sink comp="291" pin=1"/></net>

<net id="299"><net_src comp="257" pin="3"/><net_sink comp="296" pin=0"/></net>

<net id="304"><net_src comp="279" pin="3"/><net_sink comp="300" pin=0"/></net>

<net id="305"><net_src comp="54" pin="0"/><net_sink comp="300" pin=1"/></net>

<net id="310"><net_src comp="279" pin="3"/><net_sink comp="306" pin=0"/></net>

<net id="311"><net_src comp="56" pin="0"/><net_sink comp="306" pin=1"/></net>

<net id="315"><net_src comp="287" pin="1"/><net_sink comp="312" pin=0"/></net>

<net id="320"><net_src comp="257" pin="3"/><net_sink comp="316" pin=0"/></net>

<net id="321"><net_src comp="312" pin="1"/><net_sink comp="316" pin=1"/></net>

<net id="325"><net_src comp="316" pin="2"/><net_sink comp="322" pin=0"/></net>

<net id="334"><net_src comp="58" pin="0"/><net_sink comp="329" pin=0"/></net>

<net id="335"><net_src comp="326" pin="1"/><net_sink comp="329" pin=1"/></net>

<net id="336"><net_src comp="60" pin="0"/><net_sink comp="329" pin=2"/></net>

<net id="342"><net_src comp="329" pin="3"/><net_sink comp="337" pin=0"/></net>

<net id="343"><net_src comp="62" pin="0"/><net_sink comp="337" pin=1"/></net>

<net id="344"><net_src comp="64" pin="0"/><net_sink comp="337" pin=2"/></net>

<net id="348"><net_src comp="287" pin="1"/><net_sink comp="345" pin=0"/></net>

<net id="353"><net_src comp="296" pin="1"/><net_sink comp="349" pin=0"/></net>

<net id="354"><net_src comp="345" pin="1"/><net_sink comp="349" pin=1"/></net>

<net id="359"><net_src comp="46" pin="0"/><net_sink comp="355" pin=1"/></net>

<net id="364"><net_src comp="291" pin="2"/><net_sink comp="360" pin=0"/></net>

<net id="365"><net_src comp="355" pin="2"/><net_sink comp="360" pin=1"/></net>

<net id="370"><net_src comp="291" pin="2"/><net_sink comp="366" pin=1"/></net>

<net id="375"><net_src comp="366" pin="2"/><net_sink comp="371" pin=0"/></net>

<net id="376"><net_src comp="46" pin="0"/><net_sink comp="371" pin=1"/></net>

<net id="381"><net_src comp="264" pin="2"/><net_sink comp="377" pin=0"/></net>

<net id="382"><net_src comp="371" pin="2"/><net_sink comp="377" pin=1"/></net>

<net id="387"><net_src comp="300" pin="2"/><net_sink comp="383" pin=0"/></net>

<net id="388"><net_src comp="46" pin="0"/><net_sink comp="383" pin=1"/></net>

<net id="393"><net_src comp="377" pin="2"/><net_sink comp="389" pin=0"/></net>

<net id="394"><net_src comp="383" pin="2"/><net_sink comp="389" pin=1"/></net>

<net id="399"><net_src comp="377" pin="2"/><net_sink comp="395" pin=0"/></net>

<net id="400"><net_src comp="300" pin="2"/><net_sink comp="395" pin=1"/></net>

<net id="405"><net_src comp="366" pin="2"/><net_sink comp="401" pin=0"/></net>

<net id="406"><net_src comp="264" pin="2"/><net_sink comp="401" pin=1"/></net>

<net id="411"><net_src comp="401" pin="2"/><net_sink comp="407" pin=0"/></net>

<net id="412"><net_src comp="46" pin="0"/><net_sink comp="407" pin=1"/></net>

<net id="417"><net_src comp="306" pin="2"/><net_sink comp="413" pin=0"/></net>

<net id="418"><net_src comp="407" pin="2"/><net_sink comp="413" pin=1"/></net>

<net id="424"><net_src comp="413" pin="2"/><net_sink comp="419" pin=0"/></net>

<net id="425"><net_src comp="349" pin="2"/><net_sink comp="419" pin=1"/></net>

<net id="426"><net_src comp="322" pin="1"/><net_sink comp="419" pin=2"/></net>

<net id="431"><net_src comp="413" pin="2"/><net_sink comp="427" pin=0"/></net>

<net id="432"><net_src comp="395" pin="2"/><net_sink comp="427" pin=1"/></net>

<net id="438"><net_src comp="389" pin="2"/><net_sink comp="433" pin=0"/></net>

<net id="439"><net_src comp="337" pin="3"/><net_sink comp="433" pin=1"/></net>

<net id="440"><net_src comp="296" pin="1"/><net_sink comp="433" pin=2"/></net>

<net id="445"><net_src comp="389" pin="2"/><net_sink comp="441" pin=0"/></net>

<net id="446"><net_src comp="360" pin="2"/><net_sink comp="441" pin=1"/></net>

<net id="452"><net_src comp="427" pin="2"/><net_sink comp="447" pin=0"/></net>

<net id="453"><net_src comp="419" pin="3"/><net_sink comp="447" pin=1"/></net>

<net id="454"><net_src comp="433" pin="3"/><net_sink comp="447" pin=2"/></net>

<net id="459"><net_src comp="427" pin="2"/><net_sink comp="455" pin=0"/></net>

<net id="460"><net_src comp="441" pin="2"/><net_sink comp="455" pin=1"/></net>

<net id="466"><net_src comp="455" pin="2"/><net_sink comp="461" pin=0"/></net>

<net id="467"><net_src comp="447" pin="3"/><net_sink comp="461" pin=1"/></net>

<net id="468"><net_src comp="64" pin="0"/><net_sink comp="461" pin=2"/></net>

<net id="472"><net_src comp="461" pin="3"/><net_sink comp="469" pin=0"/></net>

<net id="473"><net_src comp="469" pin="1"/><net_sink comp="68" pin=2"/></net>

<net id="480"><net_src comp="166" pin="2"/><net_sink comp="477" pin=0"/></net>

<net id="481"><net_src comp="477" pin="1"/><net_sink comp="112" pin=2"/></net>

<net id="485"><net_src comp="75" pin="3"/><net_sink comp="482" pin=0"/></net>

<net id="486"><net_src comp="482" pin="1"/><net_sink comp="82" pin=0"/></net>

<net id="490"><net_src comp="130" pin="2"/><net_sink comp="487" pin=0"/></net>

<net id="491"><net_src comp="487" pin="1"/><net_sink comp="100" pin=2"/></net>

<net id="498"><net_src comp="183" pin="2"/><net_sink comp="495" pin=0"/></net>

<net id="499"><net_src comp="495" pin="1"/><net_sink comp="123" pin=0"/></net>

<net id="503"><net_src comp="88" pin="3"/><net_sink comp="500" pin=0"/></net>

<net id="504"><net_src comp="500" pin="1"/><net_sink comp="82" pin=0"/></net>

<net id="508"><net_src comp="135" pin="2"/><net_sink comp="505" pin=0"/></net>

<net id="509"><net_src comp="505" pin="1"/><net_sink comp="140" pin=0"/></net>

<net id="510"><net_src comp="505" pin="1"/><net_sink comp="326" pin=0"/></net>

<net id="514"><net_src comp="202" pin="3"/><net_sink comp="511" pin=0"/></net>

<net id="515"><net_src comp="511" pin="1"/><net_sink comp="257" pin=0"/></net>

<net id="519"><net_src comp="224" pin="1"/><net_sink comp="516" pin=0"/></net>

<net id="520"><net_src comp="516" pin="1"/><net_sink comp="240" pin=2"/></net>

<net id="524"><net_src comp="228" pin="2"/><net_sink comp="521" pin=0"/></net>

<net id="525"><net_src comp="521" pin="1"/><net_sink comp="355" pin=0"/></net>

<net id="526"><net_src comp="521" pin="1"/><net_sink comp="366" pin=0"/></net>

<net id="530"><net_src comp="234" pin="2"/><net_sink comp="527" pin=0"/></net>

<net id="531"><net_src comp="527" pin="1"/><net_sink comp="264" pin=0"/></net>

<net id="532"><net_src comp="527" pin="1"/><net_sink comp="269" pin=1"/></net>

<net id="533"><net_src comp="527" pin="1"/><net_sink comp="274" pin=1"/></net>

<net id="534"><net_src comp="527" pin="1"/><net_sink comp="291" pin=0"/></net>

</net_list>

</model> 
---------------- Datapath Model END ------------------

* FSMD analyzer results:
  - Output states:
	Port: pred_V_V | {36 }
 - Input state : 
	Port: soft_max : dense_array | {2 3 15 16 }
  - Chain level:
	State 1
	State 2
		icmp_ln15 : 1
		i : 1
		br_ln15 : 2
		zext_ln17 : 1
		dense_array_addr : 2
		dense_array_load : 3
	State 3
		tmp : 1
	State 4
	State 5
	State 6
	State 7
	State 8
	State 9
	State 10
	State 11
	State 12
	State 13
	State 14
	State 15
		icmp_ln20 : 1
		j : 1
		br_ln20 : 2
		zext_ln22 : 1
		dense_array_addr_1 : 2
		dense_array_load_1 : 3
	State 16
		tmp_2 : 1
	State 17
	State 18
	State 19
	State 20
	State 21
	State 22
	State 23
	State 24
	State 25
	State 26
	State 27
	State 28
	State 29
	State 30
	State 31
	State 32
	State 33
	State 34
	State 35
		ireg_V : 1
		trunc_ln556 : 2
		p_Result_s : 2
		exp_tmp_V : 2
		zext_ln461 : 3
		trunc_ln565 : 2
		icmp_ln571 : 3
		F2 : 4
	State 36
		p_Result_1 : 1
		man_V_1 : 2
		man_V_2 : 3
		sh_amt : 1
		sext_ln581 : 2
		trunc_ln583 : 4
		icmp_ln585 : 2
		icmp_ln603 : 2
		zext_ln586 : 3
		ashr_ln586 : 4
		trunc_ln586 : 5
		tmp_4 : 1
		select_ln588 : 2
		sext_ln581cast : 3
		shl_ln604 : 5
		or_ln582 : 1
		xor_ln582 : 1
		and_ln581 : 1
		xor_ln585 : 3
		and_ln585 : 1
		and_ln585_1 : 1
		or_ln581 : 1
		xor_ln581 : 1
		and_ln603 : 1
		select_ln603 : 6
		or_ln603 : 1
		select_ln603_1 : 1
		or_ln603_1 : 1
		select_ln603_2 : 7
		or_ln603_2 : 1
		tmp_V : 8
		sext_ln163 : 9
		write_ln22 : 10


============================================================
+ Verbose Summary: Datapath Resource usage 
============================================================

* Functional unit list:
|----------|------------------------|---------|---------|---------|
| Operation|     Functional Unit    |  DSP48E |    FF   |   LUT   |
|----------|------------------------|---------|---------|---------|
|   fdiv   |       grp_fu_135       |    0    |   458   |   990   |
|----------|------------------------|---------|---------|---------|
|   fexp   |       grp_fu_143       |    7    |   324   |   906   |
|----------|------------------------|---------|---------|---------|
|   fadd   |       grp_fu_130       |    2    |   227   |   403   |
|----------|------------------------|---------|---------|---------|
|   fpext  |       grp_fu_140       |    0    |   100   |   142   |
|----------|------------------------|---------|---------|---------|
|   ashr   |    ashr_ln586_fu_316   |    0    |    0    |   162   |
|----------|------------------------|---------|---------|---------|
|          |     man_V_2_fu_257     |    0    |    0    |    54   |
|          |      sh_amt_fu_279     |    0    |    0    |    12   |
|          |   select_ln588_fu_337  |    0    |    0    |    2    |
|  select  |   select_ln603_fu_419  |    0    |    0    |    15   |
|          |  select_ln603_1_fu_433 |    0    |    0    |    15   |
|          |  select_ln603_2_fu_447 |    0    |    0    |    15   |
|          |      tmp_V_fu_461      |    0    |    0    |    15   |
|----------|------------------------|---------|---------|---------|
|          |    icmp_ln15_fu_160    |    0    |    0    |    9    |
|          |    icmp_ln20_fu_177    |    0    |    0    |    9    |
|          |    icmp_ln571_fu_228   |    0    |    0    |    29   |
|   icmp   |    icmp_ln581_fu_264   |    0    |    0    |    13   |
|          |    icmp_ln582_fu_291   |    0    |    0    |    13   |
|          |    icmp_ln585_fu_300   |    0    |    0    |    13   |
|          |    icmp_ln603_fu_306   |    0    |    0    |    13   |
|----------|------------------------|---------|---------|---------|
|          |        F2_fu_234       |    0    |    0    |    19   |
|    sub   |     man_V_1_fu_251     |    0    |    0    |    60   |
|          |    sub_ln581_fu_274    |    0    |    0    |    19   |
|----------|------------------------|---------|---------|---------|
|          |        i_fu_166        |    0    |    0    |    13   |
|    add   |        j_fu_183        |    0    |    0    |    13   |
|          |    add_ln581_fu_269    |    0    |    0    |    19   |
|----------|------------------------|---------|---------|---------|
|    shl   |    shl_ln604_fu_349    |    0    |    0    |    33   |
|----------|------------------------|---------|---------|---------|
|          |    and_ln582_fu_360    |    0    |    0    |    2    |
|          |    and_ln581_fu_377    |    0    |    0    |    2    |
|    and   |    and_ln585_fu_389    |    0    |    0    |    2    |
|          |   and_ln585_1_fu_395   |    0    |    0    |    2    |
|          |    and_ln603_fu_413    |    0    |    0    |    2    |
|----------|------------------------|---------|---------|---------|
|          |     or_ln582_fu_366    |    0    |    0    |    2    |
|          |     or_ln581_fu_401    |    0    |    0    |    2    |
|    or    |     or_ln603_fu_427    |    0    |    0    |    2    |
|          |    or_ln603_1_fu_441   |    0    |    0    |    2    |
|          |    or_ln603_2_fu_455   |    0    |    0    |    2    |
|----------|------------------------|---------|---------|---------|
|          |    xor_ln571_fu_355    |    0    |    0    |    2    |
|    xor   |    xor_ln582_fu_371    |    0    |    0    |    2    |
|          |    xor_ln585_fu_383    |    0    |    0    |    2    |
|          |    xor_ln581_fu_407    |    0    |    0    |    2    |
|----------|------------------------|---------|---------|---------|
|   write  | write_ln22_write_fu_68 |    0    |    0    |    0    |
|----------|------------------------|---------|---------|---------|
|          |    zext_ln17_fu_172    |    0    |    0    |    0    |
|          |    zext_ln22_fu_189    |    0    |    0    |    0    |
|   zext   |    zext_ln461_fu_220   |    0    |    0    |    0    |
|          |    p_Result_1_fu_247   |    0    |    0    |    0    |
|          |    zext_ln586_fu_312   |    0    |    0    |    0    |
|----------|------------------------|---------|---------|---------|
|          |   trunc_ln556_fu_198   |    0    |    0    |    0    |
|          |   trunc_ln565_fu_224   |    0    |    0    |    0    |
|   trunc  |   trunc_ln583_fu_296   |    0    |    0    |    0    |
|          |   trunc_ln586_fu_322   |    0    |    0    |    0    |
|          |  sext_ln581cast_fu_345 |    0    |    0    |    0    |
|----------|------------------------|---------|---------|---------|
| bitselect|    p_Result_s_fu_202   |    0    |    0    |    0    |
|          |      tmp_4_fu_329      |    0    |    0    |    0    |
|----------|------------------------|---------|---------|---------|
|partselect|    exp_tmp_V_fu_210    |    0    |    0    |    0    |
|----------|------------------------|---------|---------|---------|
|bitconcatenate|      tmp_1_fu_240      |    0    |    0    |    0    |
|----------|------------------------|---------|---------|---------|
|   sext   |    sext_ln581_fu_287   |    0    |    0    |    0    |
|          |    sext_ln163_fu_469   |    0    |    0    |    0    |
|----------|------------------------|---------|---------|---------|
|   Total  |                        |    9    |   1109  |   3034  |
|----------|------------------------|---------|---------|---------|

Memories:
N/A

* Register list:
+--------------------------+--------+
|                          |   FF   |
+--------------------------+--------+
|        F2_reg_527        |   12   |
|dense_array_addr_1_reg_500|    4   |
| dense_array_addr_reg_482 |    4   |
|        i_0_reg_108       |    4   |
|         i_reg_477        |    4   |
|    icmp_ln571_reg_521    |    1   |
|        j_0_reg_119       |    4   |
|         j_reg_495        |    4   |
|    p_Result_s_reg_511    |    1   |
|          reg_149         |   32   |
|          reg_154         |   32   |
|       sum_0_reg_96       |   32   |
|        sum_reg_487       |   32   |
|    trunc_ln565_reg_516   |   52   |
|     v_assign_reg_505     |   32   |
+--------------------------+--------+
|           Total          |   250  |
+--------------------------+--------+

* Multiplexer (MUX) list: 
|------------------|------|------|------|--------||---------||---------|
|       Comp       |  Pin | Size |  BW  | S x BW ||  Delay  ||   LUT   |
|------------------|------|------|------|--------||---------||---------|
| grp_access_fu_82 |  p0  |   4  |   4  |   16   ||    21   |
|   sum_0_reg_96   |  p0  |   2  |  32  |   64   ||    9    |
|    grp_fu_143    |  p1  |   2  |  32  |   64   ||    9    |
|------------------|------|------|------|--------||---------||---------|
|       Total      |      |      |      |   144  ||  3.7165 ||    39   |
|------------------|------|------|------|--------||---------||---------|



* Summary:
+-----------+--------+--------+--------+--------+
|           | DSP48E |  Delay |   FF   |   LUT  |
+-----------+--------+--------+--------+--------+
|  Function |    9   |    -   |  1109  |  3034  |
|   Memory  |    -   |    -   |    -   |    -   |
|Multiplexer|    -   |    3   |    -   |   39   |
|  Register |    -   |    -   |   250  |    -   |
+-----------+--------+--------+--------+--------+
|   Total   |    9   |    3   |  1359  |  3073  |
+-----------+--------+--------+--------+--------+
