

================================================================
== Vivado HLS Report for 'soft_max'
================================================================
* Date:           Thu Apr 13 22:45:29 2023

* Version:        2019.1 (Build 2552052 on Fri May 24 15:28:33 MDT 2019)
* Project:        cnn
* Solution:       solution1
* Product family: zynq
* Target device:  xc7z020-clg484-3


================================================================
== Performance Estimates
================================================================
+ Timing (ns): 
    * Summary: 
    +--------+-------+----------+------------+
    |  Clock | Target| Estimated| Uncertainty|
    +--------+-------+----------+------------+
    |ap_clk  |  10.00|     8.510|        1.25|
    +--------+-------+----------+------------+

+ Latency (clock cycles): 
    * Summary: 
    +-----+-----+-----+-----+---------+
    |  Latency  |  Interval | Pipeline|
    | min | max | min | max |   Type  |
    +-----+-----+-----+-----+---------+
    |  352|  352|  352|  352|   none  |
    +-----+-----+-----+-----+---------+

    + Detail: 
        * Instance: 
        N/A

        * Loop: 
        +----------+-----+-----+----------+-----------+-----------+------+----------+
        |          |  Latency  | Iteration|  Initiation Interval  | Trip |          |
        | Loop Name| min | max |  Latency |  achieved |   target  | Count| Pipelined|
        +----------+-----+-----+----------+-----------+-----------+------+----------+
        |- Loop 1  |  130|  130|        13|          -|          -|    10|    no    |
        |- Loop 2  |  220|  220|        22|          -|          -|    10|    no    |
        +----------+-----+-----+----------+-----------+-----------+------+----------+



================================================================
== Utilization Estimates
================================================================
* Summary: 
+-----------------+---------+-------+--------+-------+-----+
|       Name      | BRAM_18K| DSP48E|   FF   |  LUT  | URAM|
+-----------------+---------+-------+--------+-------+-----+
|DSP              |        -|      -|       -|      -|    -|
|Expression       |        -|      -|       0|    588|    -|
|FIFO             |        -|      -|       -|      -|    -|
|Instance         |        -|      9|    1109|   2441|    -|
|Memory           |        -|      -|       -|      -|    -|
|Multiplexer      |        -|      -|       -|    207|    -|
|Register         |        -|      -|     220|      -|    -|
+-----------------+---------+-------+--------+-------+-----+
|Total            |        0|      9|    1329|   3236|    0|
+-----------------+---------+-------+--------+-------+-----+
|Available        |      280|    220|  106400|  53200|    0|
+-----------------+---------+-------+--------+-------+-----+
|Utilization (%)  |        0|      4|       1|      6|    0|
+-----------------+---------+-------+--------+-------+-----+

+ Detail: 
    * Instance: 
    +--------------------------+----------------------+---------+-------+-----+-----+-----+
    |         Instance         |        Module        | BRAM_18K| DSP48E|  FF | LUT | URAM|
    +--------------------------+----------------------+---------+-------+-----+-----+-----+
    |cnn_fadd_32ns_32ndEe_U44  |cnn_fadd_32ns_32ndEe  |        0|      2|  227|  403|    0|
    |cnn_fdiv_32ns_32neOg_U45  |cnn_fdiv_32ns_32neOg  |        0|      0|  458|  990|    0|
    |cnn_fexp_32ns_32nfYi_U47  |cnn_fexp_32ns_32nfYi  |        0|      7|  324|  906|    0|
    |cnn_fpext_32ns_64bkb_U46  |cnn_fpext_32ns_64bkb  |        0|      0|  100|  142|    0|
    +--------------------------+----------------------+---------+-------+-----+-----+-----+
    |Total                     |                      |        0|      9| 1109| 2441|    0|
    +--------------------------+----------------------+---------+-------+-----+-----+-----+

    * DSP48E: 
    N/A

    * Memory: 
    N/A

    * FIFO: 
    N/A

    * Expression: 
    +--------------------------+----------+-------+---+-----+------------+------------+
    |       Variable Name      | Operation| DSP48E| FF| LUT | Bitwidth P0| Bitwidth P1|
    +--------------------------+----------+-------+---+-----+------------+------------+
    |add_ln581_fu_240_p2       |     +    |      0|  0|   19|           5|          12|
    |i_fu_160_p2               |     +    |      0|  0|   13|           4|           1|
    |j_fu_177_p2               |     +    |      0|  0|   13|           4|           1|
    |F2_fu_228_p2              |     -    |      0|  0|   19|          11|          12|
    |man_V_1_fu_277_p2         |     -    |      0|  0|   61|           1|          54|
    |sub_ln581_fu_246_p2       |     -    |      0|  0|   19|           4|          12|
    |and_ln581_fu_370_p2       |    and   |      0|  0|    2|           1|           1|
    |and_ln582_fu_355_p2       |    and   |      0|  0|    2|           1|           1|
    |and_ln585_1_fu_387_p2     |    and   |      0|  0|    2|           1|           1|
    |and_ln585_fu_381_p2       |    and   |      0|  0|    2|           1|           1|
    |and_ln603_fu_404_p2       |    and   |      0|  0|    2|           1|           1|
    |ashr_ln586_fu_311_p2      |   ashr   |      0|  0|  162|          54|          54|
    |icmp_ln15_fu_154_p2       |   icmp   |      0|  0|    9|           4|           4|
    |icmp_ln20_fu_171_p2       |   icmp   |      0|  0|    9|           4|           4|
    |icmp_ln571_fu_222_p2      |   icmp   |      0|  0|   29|          63|           1|
    |icmp_ln581_fu_234_p2      |   icmp   |      0|  0|   13|          12|           4|
    |icmp_ln582_fu_260_p2      |   icmp   |      0|  0|   13|          12|           4|
    |icmp_ln585_fu_297_p2      |   icmp   |      0|  0|   13|          12|           6|
    |icmp_ln603_fu_302_p2      |   icmp   |      0|  0|   13|          12|           4|
    |or_ln581_fu_393_p2        |    or    |      0|  0|    2|           1|           1|
    |or_ln582_fu_360_p2        |    or    |      0|  0|    2|           1|           1|
    |or_ln603_1_fu_432_p2      |    or    |      0|  0|    2|           1|           1|
    |or_ln603_2_fu_446_p2      |    or    |      0|  0|    2|           1|           1|
    |or_ln603_fu_418_p2        |    or    |      0|  0|    2|           1|           1|
    |man_V_2_fu_283_p3         |  select  |      0|  0|   54|           1|          54|
    |pred_V_d0                 |  select  |      0|  0|   14|           1|          14|
    |select_ln588_fu_332_p3    |  select  |      0|  0|    2|           1|           2|
    |select_ln603_1_fu_424_p3  |  select  |      0|  0|   14|           1|          14|
    |select_ln603_2_fu_438_p3  |  select  |      0|  0|   14|           1|          14|
    |select_ln603_fu_410_p3    |  select  |      0|  0|   14|           1|          14|
    |sh_amt_fu_252_p3          |  select  |      0|  0|   12|           1|          12|
    |shl_ln604_fu_344_p2       |    shl   |      0|  0|   31|          14|          14|
    |xor_ln571_fu_350_p2       |    xor   |      0|  0|    2|           1|           2|
    |xor_ln581_fu_398_p2       |    xor   |      0|  0|    2|           1|           2|
    |xor_ln582_fu_364_p2       |    xor   |      0|  0|    2|           1|           2|
    |xor_ln585_fu_375_p2       |    xor   |      0|  0|    2|           1|           2|
    +--------------------------+----------+-------+---+-----+------------+------------+
    |Total                     |          |      0|  0|  588|         237|         329|
    +--------------------------+----------+-------+---+-----+------------+------------+

    * Multiplexer: 
    +----------------------+-----+-----------+-----+-----------+
    |         Name         | LUT | Input Size| Bits| Total Bits|
    +----------------------+-----+-----------+-----+-----------+
    |ap_NS_fsm             |  165|         37|    1|         37|
    |dense_array_address0  |   15|          3|    4|         12|
    |i_0_reg_102           |    9|          2|    4|          8|
    |j_0_reg_113           |    9|          2|    4|          8|
    |sum_0_reg_90          |    9|          2|   32|         64|
    +----------------------+-----+-----------+-----+-----------+
    |Total                 |  207|         46|   45|        129|
    +----------------------+-----+-----------+-----+-----------+

    * Register: 
    +---------------------+----+----+-----+-----------+
    |         Name        | FF | LUT| Bits| Const Bits|
    +---------------------+----+----+-----+-----------+
    |ap_CS_fsm            |  36|   0|   36|          0|
    |i_0_reg_102          |   4|   0|    4|          0|
    |i_reg_464            |   4|   0|    4|          0|
    |icmp_ln571_reg_513   |   1|   0|    1|          0|
    |icmp_ln581_reg_519   |   1|   0|    1|          0|
    |icmp_ln582_reg_532   |   1|   0|    1|          0|
    |j_0_reg_113          |   4|   0|    4|          0|
    |j_reg_482            |   4|   0|    4|          0|
    |p_Result_s_reg_503   |   1|   0|    1|          0|
    |reg_148              |  32|   0|   32|          0|
    |sh_amt_reg_525       |  12|   0|   12|          0|
    |sum_0_reg_90         |  32|   0|   32|          0|
    |trunc_ln565_reg_508  |  52|   0|   52|          0|
    |v_assign_reg_497     |  32|   0|   32|          0|
    |zext_ln22_reg_487    |   4|   0|   64|         60|
    +---------------------+----+----+-----+-----------+
    |Total                | 220|   0|  280|         60|
    +---------------------+----+----+-----+-----------+



================================================================
== Interface
================================================================
* Summary: 
+----------------------+-----+-----+------------+--------------+--------------+
|       RTL Ports      | Dir | Bits|  Protocol  | Source Object|    C Type    |
+----------------------+-----+-----+------------+--------------+--------------+
|ap_clk                |  in |    1| ap_ctrl_hs |   soft_max   | return value |
|ap_rst                |  in |    1| ap_ctrl_hs |   soft_max   | return value |
|ap_start              |  in |    1| ap_ctrl_hs |   soft_max   | return value |
|ap_done               | out |    1| ap_ctrl_hs |   soft_max   | return value |
|ap_idle               | out |    1| ap_ctrl_hs |   soft_max   | return value |
|ap_ready              | out |    1| ap_ctrl_hs |   soft_max   | return value |
|dense_array_address0  | out |    4|  ap_memory |  dense_array |     array    |
|dense_array_ce0       | out |    1|  ap_memory |  dense_array |     array    |
|dense_array_q0        |  in |   32|  ap_memory |  dense_array |     array    |
|pred_V_address0       | out |    4|  ap_memory |    pred_V    |     array    |
|pred_V_ce0            | out |    1|  ap_memory |    pred_V    |     array    |
|pred_V_we0            | out |    1|  ap_memory |    pred_V    |     array    |
|pred_V_d0             | out |   14|  ap_memory |    pred_V    |     array    |
+----------------------+-----+-----+------------+--------------+--------------+

